!SESSION 2025-10-09 18:13:53.064 -----------------------------------------------
eclipse.buildId=unknown
java.version=17.0.16
java.vendor=Debian
BootLoader constants: OS=linux, ARCH=x86_64, WS=gtk, NL=fr_FR
Command-line arguments:  -data jdt-workspace-data

!ENTRY org.eclipse.jdt.core.manipulation 4 0 2025-10-09 18:13:53.626
!MESSAGE FrameworkEvent ERROR
!STACK 0
org.osgi.framework.BundleException: Could not resolve module: org.eclipse.jdt.core.manipulation [53]
  Unresolved requirement: Require-Capability: osgi.ee; filter:="(&(osgi.ee=JavaSE)(version=21))"

	at org.eclipse.osgi.container.Module.start(Module.java:495)
	at org.eclipse.osgi.container.ModuleContainer$ContainerStartLevel$2.run(ModuleContainer.java:2110)
	at org.eclipse.osgi.internal.framework.EquinoxContainerAdaptor$1$1.execute(EquinoxContainerAdaptor.java:146)
	at org.eclipse.osgi.container.ModuleContainer$ContainerStartLevel.incStartLevel(ModuleContainer.java:2101)
	at org.eclipse.osgi.container.ModuleContainer$ContainerStartLevel.incStartLevel(ModuleContainer.java:2041)
	at org.eclipse.osgi.container.ModuleContainer$ContainerStartLevel.doContainerStartLevel(ModuleContainer.java:2003)
	at org.eclipse.osgi.container.ModuleContainer$ContainerStartLevel.dispatchEvent(ModuleContainer.java:1915)
	at org.eclipse.osgi.container.ModuleContainer$ContainerStartLevel.dispatchEvent(ModuleContainer.java:1)
	at org.eclipse.osgi.framework.eventmgr.EventManager.dispatchEvent(EventManager.java:230)
	at org.eclipse.osgi.framework.eventmgr.EventManager$EventThread.run(EventManager.java:341)

!ENTRY org.eclipse.jdt.ls.filesystem 4 0 2025-10-09 18:13:53.627
!MESSAGE FrameworkEvent ERROR
!STACK 0
org.osgi.framework.BundleException: Could not resolve module: org.eclipse.jdt.ls.filesystem [59]
  Unresolved requirement: Require-Capability: osgi.ee; filter:="(&(osgi.ee=JavaSE)(version=21))"

	at org.eclipse.osgi.container.Module.start(Module.java:495)
	at org.eclipse.osgi.container.ModuleContainer$ContainerStartLevel$2.run(ModuleContainer.java:2110)
	at org.eclipse.osgi.internal.framework.EquinoxContainerAdaptor$1$1.execute(EquinoxContainerAdaptor.java:146)
	at org.eclipse.osgi.container.ModuleContainer$ContainerStartLevel.incStartLevel(ModuleContainer.java:2101)
	at org.eclipse.osgi.container.ModuleContainer$ContainerStartLevel.incStartLevel(ModuleContainer.java:2041)
	at org.eclipse.osgi.container.ModuleContainer$ContainerStartLevel.doContainerStartLevel(ModuleContainer.java:2003)
	at org.eclipse.osgi.container.ModuleContainer$ContainerStartLevel.dispatchEvent(ModuleContainer.java:1915)
	at org.eclipse.osgi.container.ModuleContainer$ContainerStartLevel.dispatchEvent(ModuleContainer.java:1)
	at org.eclipse.osgi.framework.eventmgr.EventManager.dispatchEvent(EventManager.java:230)
	at org.eclipse.osgi.framework.eventmgr.EventManager$EventThread.run(EventManager.java:341)

!ENTRY org.eclipse.m2e.apt.core 4 0 2025-10-09 18:13:53.627
!MESSAGE FrameworkEvent ERROR
!STACK 0
org.osgi.framework.BundleException: Could not resolve module: org.eclipse.m2e.apt.core [65]
  Unresolved requirement: Require-Capability: osgi.ee; filter:="(&(osgi.ee=JavaSE)(version=21))"
  Unresolved requirement: Require-Bundle: org.eclipse.m2e.core; bundle-version="[2.0.0,3.0.0)"
    -> Bundle-SymbolicName: org.eclipse.m2e.core; bundle-version="2.7.4.20250806-1328"; singleton:="true"
       org.eclipse.m2e.core [66]
         Unresolved requirement: Require-Capability: osgi.ee; filter:="(&(osgi.ee=JavaSE)(version=21))"
  Unresolved requirement: Require-Bundle: org.eclipse.m2e.jdt; bundle-version="[2.0.0,3.0.0)"
    -> Bundle-SymbolicName: org.eclipse.m2e.jdt; bundle-version="2.4.101.20250727-0653"; singleton:="true"
       org.eclipse.m2e.jdt [67]
         Unresolved requirement: Require-Bundle: org.eclipse.m2e.core; bundle-version="[2.0.0,3.0.0)"
           -> Bundle-SymbolicName: org.eclipse.m2e.core; bundle-version="2.7.4.20250806-1328"; singleton:="true"

	at org.eclipse.osgi.container.Module.start(Module.java:495)
	at org.eclipse.osgi.container.ModuleContainer$ContainerStartLevel$2.run(ModuleContainer.java:2110)
	at org.eclipse.osgi.internal.framework.EquinoxContainerAdaptor$1$1.execute(EquinoxContainerAdaptor.java:146)
	at org.eclipse.osgi.container.ModuleContainer$ContainerStartLevel.incStartLevel(ModuleContainer.java:2101)
	at org.eclipse.osgi.container.ModuleContainer$ContainerStartLevel.incStartLevel(ModuleContainer.java:2041)
	at org.eclipse.osgi.container.ModuleContainer$ContainerStartLevel.doContainerStartLevel(ModuleContainer.java:2003)
	at org.eclipse.osgi.container.ModuleContainer$ContainerStartLevel.dispatchEvent(ModuleContainer.java:1915)
	at org.eclipse.osgi.container.ModuleContainer$ContainerStartLevel.dispatchEvent(ModuleContainer.java:1)
	at org.eclipse.osgi.framework.eventmgr.EventManager.dispatchEvent(EventManager.java:230)
	at org.eclipse.osgi.framework.eventmgr.EventManager$EventThread.run(EventManager.java:341)

!ENTRY org.eclipse.m2e.core 4 0 2025-10-09 18:13:53.627
!MESSAGE FrameworkEvent ERROR
!STACK 0
org.osgi.framework.BundleException: Could not resolve module: org.eclipse.m2e.core [66]
  Unresolved requirement: Require-Capability: osgi.ee; filter:="(&(osgi.ee=JavaSE)(version=21))"

	at org.eclipse.osgi.container.Module.start(Module.java:495)
	at org.eclipse.osgi.container.ModuleContainer$ContainerStartLevel$2.run(ModuleContainer.java:2110)
	at org.eclipse.osgi.internal.framework.EquinoxContainerAdaptor$1$1.execute(EquinoxContainerAdaptor.java:146)
	at org.eclipse.osgi.container.ModuleContainer$ContainerStartLevel.incStartLevel(ModuleContainer.java:2101)
	at org.eclipse.osgi.container.ModuleContainer$ContainerStartLevel.incStartLevel(ModuleContainer.java:2041)
	at org.eclipse.osgi.container.ModuleContainer$ContainerStartLevel.doContainerStartLevel(ModuleContainer.java:2003)
	at org.eclipse.osgi.container.ModuleContainer$ContainerStartLevel.dispatchEvent(ModuleContainer.java:1915)
	at org.eclipse.osgi.container.ModuleContainer$ContainerStartLevel.dispatchEvent(ModuleContainer.java:1)
	at org.eclipse.osgi.framework.eventmgr.EventManager.dispatchEvent(EventManager.java:230)
	at org.eclipse.osgi.framework.eventmgr.EventManager$EventThread.run(EventManager.java:341)

!ENTRY org.eclipse.m2e.jdt 4 0 2025-10-09 18:13:53.628
!MESSAGE FrameworkEvent ERROR
!STACK 0
org.osgi.framework.BundleException: Could not resolve module: org.eclipse.m2e.jdt [67]
  Unresolved requirement: Require-Capability: osgi.ee; filter:="(&(osgi.ee=JavaSE)(version=21))"
  Unresolved requirement: Require-Bundle: org.eclipse.m2e.core; bundle-version="[2.0.0,3.0.0)"
    -> Bundle-SymbolicName: org.eclipse.m2e.core; bundle-version="2.7.4.20250806-1328"; singleton:="true"
       org.eclipse.m2e.core [66]
         Unresolved requirement: Require-Capability: osgi.ee; filter:="(&(osgi.ee=JavaSE)(version=21))"

	at org.eclipse.osgi.container.Module.start(Module.java:495)
	at org.eclipse.osgi.container.ModuleContainer$ContainerStartLevel$2.run(ModuleContainer.java:2110)
	at org.eclipse.osgi.internal.framework.EquinoxContainerAdaptor$1$1.execute(EquinoxContainerAdaptor.java:146)
	at org.eclipse.osgi.container.ModuleContainer$ContainerStartLevel.incStartLevel(ModuleContainer.java:2101)
	at org.eclipse.osgi.container.ModuleContainer$ContainerStartLevel.incStartLevel(ModuleContainer.java:2041)
	at org.eclipse.osgi.container.ModuleContainer$ContainerStartLevel.doContainerStartLevel(ModuleContainer.java:2003)
	at org.eclipse.osgi.container.ModuleContainer$ContainerStartLevel.dispatchEvent(ModuleContainer.java:1915)
	at org.eclipse.osgi.container.ModuleContainer$ContainerStartLevel.dispatchEvent(ModuleContainer.java:1)
	at org.eclipse.osgi.framework.eventmgr.EventManager.dispatchEvent(EventManager.java:230)
	at org.eclipse.osgi.framework.eventmgr.EventManager$EventThread.run(EventManager.java:341)

!ENTRY org.eclipse.jdt.ls.core 4 0 2025-10-09 18:13:53.629
!MESSAGE FrameworkEvent ERROR
!STACK 0
org.osgi.framework.BundleException: Could not resolve module: org.eclipse.jdt.ls.core [58]
  Unresolved requirement: Require-Capability: osgi.ee; filter:="(&(osgi.ee=JavaSE)(version=21))"
  Unresolved requirement: Require-Bundle: org.eclipse.jdt.core.manipulation; bundle-version="1.8.0"
    -> Bundle-SymbolicName: org.eclipse.jdt.core.manipulation; bundle-version="1.23.200.v20250929-2035"; singleton:="true"
       org.eclipse.jdt.core.manipulation [53]
         Unresolved requirement: Require-Capability: osgi.ee; filter:="(&(osgi.ee=JavaSE)(version=21))"

	at org.eclipse.osgi.container.Module.start(Module.java:495)
	at org.eclipse.osgi.container.ModuleContainer$ContainerStartLevel$2.run(ModuleContainer.java:2110)
	at org.eclipse.osgi.internal.framework.EquinoxContainerAdaptor$1$1.execute(EquinoxContainerAdaptor.java:146)
	at org.eclipse.osgi.container.ModuleContainer$ContainerStartLevel.incStartLevel(ModuleContainer.java:2101)
	at org.eclipse.osgi.container.ModuleContainer$ContainerStartLevel.incStartLevel(ModuleContainer.java:2043)
	at org.eclipse.osgi.container.ModuleContainer$ContainerStartLevel.doContainerStartLevel(ModuleContainer.java:2003)
	at org.eclipse.osgi.container.ModuleContainer$ContainerStartLevel.dispatchEvent(ModuleContainer.java:1915)
	at org.eclipse.osgi.container.ModuleContainer$ContainerStartLevel.dispatchEvent(ModuleContainer.java:1)
	at org.eclipse.osgi.framework.eventmgr.EventManager.dispatchEvent(EventManager.java:230)
	at org.eclipse.osgi.framework.eventmgr.EventManager$EventThread.run(EventManager.java:341)

!ENTRY org.eclipse.osgi 4 0 2025-10-09 18:13:53.629
!MESSAGE Bundle initial@reference:file:plugins/org.eclipse.jdt.ls.core_1.52.0.202510031334.jar was not resolved.

!ENTRY org.eclipse.m2e.jdt 2 0 2025-10-09 18:13:53.639
!MESSAGE Could not resolve module: org.eclipse.m2e.jdt [67]
  Unresolved requirement: Require-Bundle: org.eclipse.m2e.core; bundle-version="[2.0.0,3.0.0)"
    -> Bundle-SymbolicName: org.eclipse.m2e.core; bundle-version="2.7.4.20250806-1328"; singleton:="true"
       org.eclipse.m2e.core [66]
         Unresolved requirement: Require-Capability: osgi.ee; filter:="(&(osgi.ee=JavaSE)(version=21))"


!ENTRY org.eclipse.jdt.core.javac 2 0 2025-10-09 18:13:53.639
!MESSAGE Could not resolve module: org.eclipse.jdt.core.javac [52]
  Unresolved requirement: Require-Capability: osgi.ee; filter:="(&(osgi.ee=JavaSE)(version=25))"


!ENTRY org.eclipse.m2e.core 2 0 2025-10-09 18:13:53.639
!MESSAGE Could not resolve module: org.eclipse.m2e.core [66]
  Unresolved requirement: Require-Capability: osgi.ee; filter:="(&(osgi.ee=JavaSE)(version=21))"


!ENTRY org.eclipse.jdt.ls.logback.appender 2 0 2025-10-09 18:13:53.639
!MESSAGE Could not resolve module: org.eclipse.jdt.ls.logback.appender [60]
  Unresolved requirement: Require-Capability: osgi.ee; filter:="(&(osgi.ee=JavaSE)(version=21))"


!ENTRY org.eclipse.jdt.ls.filesystem 2 0 2025-10-09 18:13:53.639
!MESSAGE Could not resolve module: org.eclipse.jdt.ls.filesystem [59]
  Unresolved requirement: Require-Capability: osgi.ee; filter:="(&(osgi.ee=JavaSE)(version=21))"


!ENTRY org.eclipse.m2e.apt.core 2 0 2025-10-09 18:13:53.640
!MESSAGE Could not resolve module: org.eclipse.m2e.apt.core [65]
  Unresolved requirement: Require-Bundle: org.eclipse.m2e.core; bundle-version="[2.0.0,3.0.0)"
    -> Bundle-SymbolicName: org.eclipse.m2e.core; bundle-version="2.7.4.20250806-1328"; singleton:="true"
       org.eclipse.m2e.core [66]
         Unresolved requirement: Require-Capability: osgi.ee; filter:="(&(osgi.ee=JavaSE)(version=21))"


!ENTRY org.eclipse.jdt.ls.core 2 0 2025-10-09 18:13:53.644
!MESSAGE Could not resolve module: org.eclipse.jdt.ls.core [58]
  Unresolved requirement: Require-Bundle: org.eclipse.jdt.core.manipulation; bundle-version="1.8.0"
    -> Bundle-SymbolicName: org.eclipse.jdt.core.manipulation; bundle-version="1.23.200.v20250929-2035"; singleton:="true"
       org.eclipse.jdt.core.manipulation [53]
         Unresolved requirement: Require-Capability: osgi.ee; filter:="(&(osgi.ee=JavaSE)(version=21))"


!ENTRY org.eclipse.jdt.core.manipulation 2 0 2025-10-09 18:13:53.645
!MESSAGE Could not resolve module: org.eclipse.jdt.core.manipulation [53]
  Unresolved requirement: Require-Capability: osgi.ee; filter:="(&(osgi.ee=JavaSE)(version=21))"


!ENTRY org.eclipse.osgi 4 0 2025-10-09 18:13:53.645
!MESSAGE Application error
!STACK 1
java.lang.RuntimeException: Application "org.eclipse.jdt.ls.core.id1" could not be found in the registry. The applications available are: org.eclipse.ant.core.antRunner, org.eclipse.equinox.app.error, org.eclipse.jdt.apt.core.aptBuild, org.eclipse.jdt.core.JavaIndexer.
	at org.eclipse.equinox.internal.app.EclipseAppContainer.startDefaultApp(EclipseAppContainer.java:270)
	at org.eclipse.equinox.internal.app.MainApplicationLauncher.run(MainApplicationLauncher.java:34)
	at org.eclipse.core.runtime.internal.adaptor.EclipseAppLauncher.runApplication(EclipseAppLauncher.java:149)
	at org.eclipse.core.runtime.internal.adaptor.EclipseAppLauncher.start(EclipseAppLauncher.java:115)
	at org.eclipse.core.runtime.adaptor.EclipseStarter.run(EclipseStarter.java:467)
	at org.eclipse.core.runtime.adaptor.EclipseStarter.run(EclipseStarter.java:298)
	at java.base/jdk.internal.reflect.NativeMethodAccessorImpl.invoke0(Native Method)
	at java.base/jdk.internal.reflect.NativeMethodAccessorImpl.invoke(NativeMethodAccessorImpl.java:77)
	at java.base/jdk.internal.reflect.DelegatingMethodAccessorImpl.invoke(DelegatingMethodAccessorImpl.java:43)
	at java.base/java.lang.reflect.Method.invoke(Method.java:569)
	at org.eclipse.equinox.launcher.Main.invokeFramework(Main.java:627)
	at org.eclipse.equinox.launcher.Main.basicRun(Main.java:575)
	at org.eclipse.equinox.launcher.Main.run(Main.java:1431)
	at org.eclipse.equinox.launcher.Main.main(Main.java:1403)
