!SESSION 2025-11-02 22:25:01.430 -----------------------------------------------
eclipse.buildId=unknown
java.version=25
java.vendor=Eclipse Adoptium
BootLoader constants: OS=linux, ARCH=x86_64, WS=gtk, NL=fr_FR
Command-line arguments:  -data /home/groisnebenjamin/IdeaProjects/BotMaker/projects/Demo.java

!ENTRY org.eclipse.jdt.ls.core 4 0 2025-11-02 22:25:02.019
!MESSAGE FrameworkEvent ERROR
!STACK 0
org.osgi.framework.BundleException: Exception in org.eclipse.jdt.ls.core.internal.JavaLanguageServerPlugin.start() of bundle org.eclipse.jdt.ls.core.
	at org.eclipse.osgi.internal.framework.BundleContextImpl.startActivator(BundleContextImpl.java:847)
	at org.eclipse.osgi.internal.framework.BundleContextImpl.start(BundleContextImpl.java:768)
	at org.eclipse.osgi.internal.framework.EquinoxBundle.startWorker0(EquinoxBundle.java:1066)
	at org.eclipse.osgi.internal.framework.EquinoxBundle$EquinoxModule.startWorker(EquinoxBundle.java:394)
	at org.eclipse.osgi.container.Module.doStart(Module.java:643)
	at org.eclipse.osgi.container.Module.start(Module.java:500)
	at org.eclipse.osgi.container.ModuleContainer$ContainerStartLevel$2.run(ModuleContainer.java:2110)
	at org.eclipse.osgi.internal.framework.EquinoxContainerAdaptor$1$1.execute(EquinoxContainerAdaptor.java:146)
	at org.eclipse.osgi.container.ModuleContainer$ContainerStartLevel.incStartLevel(ModuleContainer.java:2101)
	at org.eclipse.osgi.container.ModuleContainer$ContainerStartLevel.incStartLevel(ModuleContainer.java:2043)
	at org.eclipse.osgi.container.ModuleContainer$ContainerStartLevel.doContainerStartLevel(ModuleContainer.java:2003)
	at org.eclipse.osgi.container.ModuleContainer$ContainerStartLevel.dispatchEvent(ModuleContainer.java:1915)
	at org.eclipse.osgi.container.ModuleContainer$ContainerStartLevel.dispatchEvent(ModuleContainer.java:1)
	at org.eclipse.osgi.framework.eventmgr.EventManager.dispatchEvent(EventManager.java:230)
	at org.eclipse.osgi.framework.eventmgr.EventManager$EventThread.run(EventManager.java:341)
Caused by: java.lang.IllegalStateException: Specified platform location "/home/groisnebenjamin/IdeaProjects/BotMaker/projects/Demo.java" is not a directory.
	at org.eclipse.core.internal.runtime.DataArea.assertLocationInitialized(DataArea.java:80)
	at org.eclipse.core.internal.runtime.DataArea.getStateLocation(DataArea.java:155)
	at org.eclipse.core.internal.preferences.InstancePreferences.getBaseLocation(InstancePreferences.java:43)
	at org.eclipse.core.internal.preferences.SingletonEclipsePreferences.initializeChildren(SingletonEclipsePreferences.java:97)
	at org.eclipse.core.internal.preferences.SingletonEclipsePreferences.<init>(SingletonEclipsePreferences.java:37)
	at org.eclipse.core.internal.preferences.InstancePreferences.<init>(InstancePreferences.java:57)
	at org.eclipse.core.internal.preferences.InstancePreferences.internalCreate(InstancePreferences.java:64)
	at org.eclipse.core.internal.preferences.EclipsePreferences.create(EclipsePreferences.java:370)
	at org.eclipse.core.internal.preferences.EclipsePreferences.create(EclipsePreferences.java:358)
	at org.eclipse.core.internal.preferences.PreferencesService.createNode(PreferencesService.java:354)
	at org.eclipse.core.internal.preferences.EclipsePreferences.getOrCreate(EclipsePreferences.java:1162)
	at org.eclipse.core.internal.preferences.RootPreferences.getNode(RootPreferences.java:65)
	at org.eclipse.core.internal.preferences.RootPreferences.node(RootPreferences.java:53)
	at org.eclipse.core.runtime.preferences.AbstractScope.getNode(AbstractScope.java:37)
	at org.eclipse.jdt.internal.core.manipulation.MembersOrderPreferenceCacheCommon.install(MembersOrderPreferenceCacheCommon.java:109)
	at org.eclipse.jdt.ls.core.internal.JavaLanguageServerPlugin.setPreferenceNodeId(JavaLanguageServerPlugin.java:258)
	at org.eclipse.jdt.ls.core.internal.JavaLanguageServerPlugin.start(JavaLanguageServerPlugin.java:157)
	at org.eclipse.osgi.internal.framework.BundleContextImpl$2.run(BundleContextImpl.java:826)
	at org.eclipse.osgi.internal.framework.BundleContextImpl$2.run(BundleContextImpl.java:1)
	at java.base/java.security.AccessController.doPrivileged(AccessController.java:251)
	at org.eclipse.osgi.internal.framework.BundleContextImpl.startActivator(BundleContextImpl.java:818)
	... 14 more
Root exception:
java.lang.IllegalStateException: Specified platform location "/home/groisnebenjamin/IdeaProjects/BotMaker/projects/Demo.java" is not a directory.
	at org.eclipse.core.internal.runtime.DataArea.assertLocationInitialized(DataArea.java:80)
	at org.eclipse.core.internal.runtime.DataArea.getStateLocation(DataArea.java:155)
	at org.eclipse.core.internal.preferences.InstancePreferences.getBaseLocation(InstancePreferences.java:43)
	at org.eclipse.core.internal.preferences.SingletonEclipsePreferences.initializeChildren(SingletonEclipsePreferences.java:97)
	at org.eclipse.core.internal.preferences.SingletonEclipsePreferences.<init>(SingletonEclipsePreferences.java:37)
	at org.eclipse.core.internal.preferences.InstancePreferences.<init>(InstancePreferences.java:57)
	at org.eclipse.core.internal.preferences.InstancePreferences.internalCreate(InstancePreferences.java:64)
	at org.eclipse.core.internal.preferences.EclipsePreferences.create(EclipsePreferences.java:370)
	at org.eclipse.core.internal.preferences.EclipsePreferences.create(EclipsePreferences.java:358)
	at org.eclipse.core.internal.preferences.PreferencesService.createNode(PreferencesService.java:354)
	at org.eclipse.core.internal.preferences.EclipsePreferences.getOrCreate(EclipsePreferences.java:1162)
	at org.eclipse.core.internal.preferences.RootPreferences.getNode(RootPreferences.java:65)
	at org.eclipse.core.internal.preferences.RootPreferences.node(RootPreferences.java:53)
	at org.eclipse.core.runtime.preferences.AbstractScope.getNode(AbstractScope.java:37)
	at org.eclipse.jdt.internal.core.manipulation.MembersOrderPreferenceCacheCommon.install(MembersOrderPreferenceCacheCommon.java:109)
	at org.eclipse.jdt.ls.core.internal.JavaLanguageServerPlugin.setPreferenceNodeId(JavaLanguageServerPlugin.java:258)
	at org.eclipse.jdt.ls.core.internal.JavaLanguageServerPlugin.start(JavaLanguageServerPlugin.java:157)
	at org.eclipse.osgi.internal.framework.BundleContextImpl$2.run(BundleContextImpl.java:826)
	at org.eclipse.osgi.internal.framework.BundleContextImpl$2.run(BundleContextImpl.java:1)
	at java.base/java.security.AccessController.doPrivileged(AccessController.java:251)
	at org.eclipse.osgi.internal.framework.BundleContextImpl.startActivator(BundleContextImpl.java:818)
	at org.eclipse.osgi.internal.framework.BundleContextImpl.start(BundleContextImpl.java:768)
	at org.eclipse.osgi.internal.framework.EquinoxBundle.startWorker0(EquinoxBundle.java:1066)
	at org.eclipse.osgi.internal.framework.EquinoxBundle$EquinoxModule.startWorker(EquinoxBundle.java:394)
	at org.eclipse.osgi.container.Module.doStart(Module.java:643)
	at org.eclipse.osgi.container.Module.start(Module.java:500)
	at org.eclipse.osgi.container.ModuleContainer$ContainerStartLevel$2.run(ModuleContainer.java:2110)
	at org.eclipse.osgi.internal.framework.EquinoxContainerAdaptor$1$1.execute(EquinoxContainerAdaptor.java:146)
	at org.eclipse.osgi.container.ModuleContainer$ContainerStartLevel.incStartLevel(ModuleContainer.java:2101)
	at org.eclipse.osgi.container.ModuleContainer$ContainerStartLevel.incStartLevel(ModuleContainer.java:2043)
	at org.eclipse.osgi.container.ModuleContainer$ContainerStartLevel.doContainerStartLevel(ModuleContainer.java:2003)
	at org.eclipse.osgi.container.ModuleContainer$ContainerStartLevel.dispatchEvent(ModuleContainer.java:1915)
	at org.eclipse.osgi.container.ModuleContainer$ContainerStartLevel.dispatchEvent(ModuleContainer.java:1)
	at org.eclipse.osgi.framework.eventmgr.EventManager.dispatchEvent(EventManager.java:230)
	at org.eclipse.osgi.framework.eventmgr.EventManager$EventThread.run(EventManager.java:341)

!ENTRY org.eclipse.osgi 4 0 2025-11-02 22:25:02.021
!MESSAGE Bundle org.eclipse.jdt.ls.core_1.52.0.202510031334 [58] is not active.

!ENTRY org.eclipse.osgi 4 0 2025-11-02 22:25:02.024
!MESSAGE An error occurred while automatically activating bundle org.eclipse.jdt.ls.core (58).
!STACK 0
org.osgi.framework.BundleException: Exception in org.eclipse.jdt.ls.core.internal.JavaLanguageServerPlugin.start() of bundle org.eclipse.jdt.ls.core.
	at org.eclipse.osgi.internal.framework.BundleContextImpl.startActivator(BundleContextImpl.java:847)
	at org.eclipse.osgi.internal.framework.BundleContextImpl.start(BundleContextImpl.java:768)
	at org.eclipse.osgi.internal.framework.EquinoxBundle.startWorker0(EquinoxBundle.java:1066)
	at org.eclipse.osgi.internal.framework.EquinoxBundle$EquinoxModule.startWorker(EquinoxBundle.java:394)
	at org.eclipse.osgi.container.Module.doStart(Module.java:643)
	at org.eclipse.osgi.container.Module.start(Module.java:500)
	at org.eclipse.osgi.framework.util.SecureAction.start(SecureAction.java:528)
	at org.eclipse.osgi.internal.hooks.EclipseLazyStarter.postFindLocalClass(EclipseLazyStarter.java:122)
	at org.eclipse.osgi.internal.loader.classpath.ClasspathManager.findLocalClass(ClasspathManager.java:622)
	at org.eclipse.osgi.internal.loader.ModuleClassLoader.findLocalClass(ModuleClassLoader.java:353)
	at org.eclipse.osgi.internal.loader.BundleLoader.findLocalClass(BundleLoader.java:417)
	at org.eclipse.osgi.internal.loader.BundleLoader.findClass0(BundleLoader.java:525)
	at org.eclipse.osgi.internal.loader.BundleLoader.findClass(BundleLoader.java:438)
	at org.eclipse.osgi.internal.loader.ModuleClassLoader.loadClass(ModuleClassLoader.java:195)
	at java.base/java.lang.ClassLoader.loadClass(ClassLoader.java:490)
	at org.eclipse.osgi.internal.framework.EquinoxBundle.loadClass(EquinoxBundle.java:652)
	at org.eclipse.core.internal.registry.osgi.RegistryStrategyOSGI.createExecutableExtension(RegistryStrategyOSGI.java:226)
	at org.eclipse.core.internal.registry.ExtensionRegistry.createExecutableExtension(ExtensionRegistry.java:1034)
	at org.eclipse.core.internal.registry.ConfigurationElement.createExecutableExtension(ConfigurationElement.java:286)
	at org.eclipse.core.internal.registry.ConfigurationElementHandle.createExecutableExtension(ConfigurationElementHandle.java:65)
	at org.eclipse.equinox.internal.app.EclipseAppHandle.run(EclipseAppHandle.java:214)
	at org.eclipse.core.runtime.internal.adaptor.EclipseAppLauncher.runApplication(EclipseAppLauncher.java:149)
	at org.eclipse.core.runtime.internal.adaptor.EclipseAppLauncher.start(EclipseAppLauncher.java:115)
	at org.eclipse.core.runtime.adaptor.EclipseStarter.run(EclipseStarter.java:467)
	at org.eclipse.core.runtime.adaptor.EclipseStarter.run(EclipseStarter.java:298)
	at java.base/jdk.internal.reflect.DirectMethodHandleAccessor.invoke(DirectMethodHandleAccessor.java:104)
	at java.base/java.lang.reflect.Method.invoke(Method.java:565)
	at org.eclipse.equinox.launcher.Main.invokeFramework(Main.java:627)
	at org.eclipse.equinox.launcher.Main.basicRun(Main.java:575)
	at org.eclipse.equinox.launcher.Main.run(Main.java:1431)
	at org.eclipse.equinox.launcher.Main.main(Main.java:1403)
Caused by: java.lang.IllegalStateException: Specified platform location "/home/groisnebenjamin/IdeaProjects/BotMaker/projects/Demo.java" is not a directory.
	at org.eclipse.core.internal.runtime.DataArea.assertLocationInitialized(DataArea.java:80)
	at org.eclipse.core.internal.runtime.DataArea.getStateLocation(DataArea.java:155)
	at org.eclipse.core.internal.preferences.InstancePreferences.getBaseLocation(InstancePreferences.java:43)
	at org.eclipse.core.internal.preferences.SingletonEclipsePreferences.getLocation(SingletonEclipsePreferences.java:61)
	at org.eclipse.core.internal.preferences.EclipsePreferences.load(EclipsePreferences.java:690)
	at org.eclipse.core.internal.preferences.EclipsePreferences.create(EclipsePreferences.java:381)
	at org.eclipse.core.internal.preferences.EclipsePreferences.internalNode(EclipsePreferences.java:635)
	at org.eclipse.core.internal.preferences.EclipsePreferences.node(EclipsePreferences.java:771)
	at org.eclipse.core.runtime.preferences.AbstractScope.getNode(AbstractScope.java:37)
	at org.eclipse.jdt.internal.core.manipulation.MembersOrderPreferenceCacheCommon.install(MembersOrderPreferenceCacheCommon.java:109)
	at org.eclipse.jdt.ls.core.internal.JavaLanguageServerPlugin.setPreferenceNodeId(JavaLanguageServerPlugin.java:258)
	at org.eclipse.jdt.ls.core.internal.JavaLanguageServerPlugin.start(JavaLanguageServerPlugin.java:157)
	at org.eclipse.osgi.internal.framework.BundleContextImpl$2.run(BundleContextImpl.java:826)
	at org.eclipse.osgi.internal.framework.BundleContextImpl$2.run(BundleContextImpl.java:1)
	at java.base/java.security.AccessController.doPrivileged(AccessController.java:251)
	at org.eclipse.osgi.internal.framework.BundleContextImpl.startActivator(BundleContextImpl.java:818)
	... 30 more
Root exception:
java.lang.IllegalStateException: Specified platform location "/home/groisnebenjamin/IdeaProjects/BotMaker/projects/Demo.java" is not a directory.
	at org.eclipse.core.internal.runtime.DataArea.assertLocationInitialized(DataArea.java:80)
	at org.eclipse.core.internal.runtime.DataArea.getStateLocation(DataArea.java:155)
	at org.eclipse.core.internal.preferences.InstancePreferences.getBaseLocation(InstancePreferences.java:43)
	at org.eclipse.core.internal.preferences.SingletonEclipsePreferences.getLocation(SingletonEclipsePreferences.java:61)
	at org.eclipse.core.internal.preferences.EclipsePreferences.load(EclipsePreferences.java:690)
	at org.eclipse.core.internal.preferences.EclipsePreferences.create(EclipsePreferences.java:381)
	at org.eclipse.core.internal.preferences.EclipsePreferences.internalNode(EclipsePreferences.java:635)
	at org.eclipse.core.internal.preferences.EclipsePreferences.node(EclipsePreferences.java:771)
	at org.eclipse.core.runtime.preferences.AbstractScope.getNode(AbstractScope.java:37)
	at org.eclipse.jdt.internal.core.manipulation.MembersOrderPreferenceCacheCommon.install(MembersOrderPreferenceCacheCommon.java:109)
	at org.eclipse.jdt.ls.core.internal.JavaLanguageServerPlugin.setPreferenceNodeId(JavaLanguageServerPlugin.java:258)
	at org.eclipse.jdt.ls.core.internal.JavaLanguageServerPlugin.start(JavaLanguageServerPlugin.java:157)
	at org.eclipse.osgi.internal.framework.BundleContextImpl$2.run(BundleContextImpl.java:826)
	at org.eclipse.osgi.internal.framework.BundleContextImpl$2.run(BundleContextImpl.java:1)
	at java.base/java.security.AccessController.doPrivileged(AccessController.java:251)
	at org.eclipse.osgi.internal.framework.BundleContextImpl.startActivator(BundleContextImpl.java:818)
	at org.eclipse.osgi.internal.framework.BundleContextImpl.start(BundleContextImpl.java:768)
	at org.eclipse.osgi.internal.framework.EquinoxBundle.startWorker0(EquinoxBundle.java:1066)
	at org.eclipse.osgi.internal.framework.EquinoxBundle$EquinoxModule.startWorker(EquinoxBundle.java:394)
	at org.eclipse.osgi.container.Module.doStart(Module.java:643)
	at org.eclipse.osgi.container.Module.start(Module.java:500)
	at org.eclipse.osgi.framework.util.SecureAction.start(SecureAction.java:528)
	at org.eclipse.osgi.internal.hooks.EclipseLazyStarter.postFindLocalClass(EclipseLazyStarter.java:122)
	at org.eclipse.osgi.internal.loader.classpath.ClasspathManager.findLocalClass(ClasspathManager.java:622)
	at org.eclipse.osgi.internal.loader.ModuleClassLoader.findLocalClass(ModuleClassLoader.java:353)
	at org.eclipse.osgi.internal.loader.BundleLoader.findLocalClass(BundleLoader.java:417)
	at org.eclipse.osgi.internal.loader.BundleLoader.findClass0(BundleLoader.java:525)
	at org.eclipse.osgi.internal.loader.BundleLoader.findClass(BundleLoader.java:438)
	at org.eclipse.osgi.internal.loader.ModuleClassLoader.loadClass(ModuleClassLoader.java:195)
	at java.base/java.lang.ClassLoader.loadClass(ClassLoader.java:490)
	at org.eclipse.osgi.internal.framework.EquinoxBundle.loadClass(EquinoxBundle.java:652)
	at org.eclipse.core.internal.registry.osgi.RegistryStrategyOSGI.createExecutableExtension(RegistryStrategyOSGI.java:226)
	at org.eclipse.core.internal.registry.ExtensionRegistry.createExecutableExtension(ExtensionRegistry.java:1034)
	at org.eclipse.core.internal.registry.ConfigurationElement.createExecutableExtension(ConfigurationElement.java:286)
	at org.eclipse.core.internal.registry.ConfigurationElementHandle.createExecutableExtension(ConfigurationElementHandle.java:65)
	at org.eclipse.equinox.internal.app.EclipseAppHandle.run(EclipseAppHandle.java:214)
	at org.eclipse.core.runtime.internal.adaptor.EclipseAppLauncher.runApplication(EclipseAppLauncher.java:149)
	at org.eclipse.core.runtime.internal.adaptor.EclipseAppLauncher.start(EclipseAppLauncher.java:115)
	at org.eclipse.core.runtime.adaptor.EclipseStarter.run(EclipseStarter.java:467)
	at org.eclipse.core.runtime.adaptor.EclipseStarter.run(EclipseStarter.java:298)
	at java.base/jdk.internal.reflect.DirectMethodHandleAccessor.invoke(DirectMethodHandleAccessor.java:104)
	at java.base/java.lang.reflect.Method.invoke(Method.java:565)
	at org.eclipse.equinox.launcher.Main.invokeFramework(Main.java:627)
	at org.eclipse.equinox.launcher.Main.basicRun(Main.java:575)
	at org.eclipse.equinox.launcher.Main.run(Main.java:1431)
	at org.eclipse.equinox.launcher.Main.main(Main.java:1403)

!ENTRY org.eclipse.osgi 4 0 2025-11-02 22:25:02.033
!MESSAGE Application error
!STACK 1
org.eclipse.core.runtime.CoreException: Plug-in org.eclipse.jdt.ls.core was unable to load class org.eclipse.jdt.ls.core.internal.LanguageServerApplication.
	at org.eclipse.core.internal.registry.osgi.RegistryStrategyOSGI.throwException(RegistryStrategyOSGI.java:245)
	at org.eclipse.core.internal.registry.osgi.RegistryStrategyOSGI.createExecutableExtension(RegistryStrategyOSGI.java:228)
	at org.eclipse.core.internal.registry.ExtensionRegistry.createExecutableExtension(ExtensionRegistry.java:1034)
	at org.eclipse.core.internal.registry.ConfigurationElement.createExecutableExtension(ConfigurationElement.java:286)
	at org.eclipse.core.internal.registry.ConfigurationElementHandle.createExecutableExtension(ConfigurationElementHandle.java:65)
	at org.eclipse.equinox.internal.app.EclipseAppHandle.run(EclipseAppHandle.java:214)
	at org.eclipse.core.runtime.internal.adaptor.EclipseAppLauncher.runApplication(EclipseAppLauncher.java:149)
	at org.eclipse.core.runtime.internal.adaptor.EclipseAppLauncher.start(EclipseAppLauncher.java:115)
	at org.eclipse.core.runtime.adaptor.EclipseStarter.run(EclipseStarter.java:467)
	at org.eclipse.core.runtime.adaptor.EclipseStarter.run(EclipseStarter.java:298)
	at java.base/jdk.internal.reflect.DirectMethodHandleAccessor.invoke(DirectMethodHandleAccessor.java:104)
	at java.base/java.lang.reflect.Method.invoke(Method.java:565)
	at org.eclipse.equinox.launcher.Main.invokeFramework(Main.java:627)
	at org.eclipse.equinox.launcher.Main.basicRun(Main.java:575)
	at org.eclipse.equinox.launcher.Main.run(Main.java:1431)
	at org.eclipse.equinox.launcher.Main.main(Main.java:1403)
Caused by: java.lang.ClassNotFoundException: An error occurred while automatically activating bundle org.eclipse.jdt.ls.core (58).
	at org.eclipse.osgi.internal.hooks.EclipseLazyStarter.postFindLocalClass(EclipseLazyStarter.java:133)
	at org.eclipse.osgi.internal.loader.classpath.ClasspathManager.findLocalClass(ClasspathManager.java:622)
	at org.eclipse.osgi.internal.loader.ModuleClassLoader.findLocalClass(ModuleClassLoader.java:353)
	at org.eclipse.osgi.internal.loader.BundleLoader.findLocalClass(BundleLoader.java:417)
	at org.eclipse.osgi.internal.loader.BundleLoader.findClass0(BundleLoader.java:525)
	at org.eclipse.osgi.internal.loader.BundleLoader.findClass(BundleLoader.java:438)
	at org.eclipse.osgi.internal.loader.ModuleClassLoader.loadClass(ModuleClassLoader.java:195)
	at java.base/java.lang.ClassLoader.loadClass(ClassLoader.java:490)
	at org.eclipse.osgi.internal.framework.EquinoxBundle.loadClass(EquinoxBundle.java:652)
	at org.eclipse.core.internal.registry.osgi.RegistryStrategyOSGI.createExecutableExtension(RegistryStrategyOSGI.java:226)
	... 14 more
Caused by: org.osgi.framework.BundleException: Exception in org.eclipse.jdt.ls.core.internal.JavaLanguageServerPlugin.start() of bundle org.eclipse.jdt.ls.core.
	at org.eclipse.osgi.internal.framework.BundleContextImpl.startActivator(BundleContextImpl.java:847)
	at org.eclipse.osgi.internal.framework.BundleContextImpl.start(BundleContextImpl.java:768)
	at org.eclipse.osgi.internal.framework.EquinoxBundle.startWorker0(EquinoxBundle.java:1066)
	at org.eclipse.osgi.internal.framework.EquinoxBundle$EquinoxModule.startWorker(EquinoxBundle.java:394)
	at org.eclipse.osgi.container.Module.doStart(Module.java:643)
	at org.eclipse.osgi.container.Module.start(Module.java:500)
	at org.eclipse.osgi.framework.util.SecureAction.start(SecureAction.java:528)
	at org.eclipse.osgi.internal.hooks.EclipseLazyStarter.postFindLocalClass(EclipseLazyStarter.java:122)
	... 23 more
Caused by: java.lang.IllegalStateException: Specified platform location "/home/groisnebenjamin/IdeaProjects/BotMaker/projects/Demo.java" is not a directory.
	at org.eclipse.core.internal.runtime.DataArea.assertLocationInitialized(DataArea.java:80)
	at org.eclipse.core.internal.runtime.DataArea.getStateLocation(DataArea.java:155)
	at org.eclipse.core.internal.preferences.InstancePreferences.getBaseLocation(InstancePreferences.java:43)
	at org.eclipse.core.internal.preferences.SingletonEclipsePreferences.getLocation(SingletonEclipsePreferences.java:61)
	at org.eclipse.core.internal.preferences.EclipsePreferences.load(EclipsePreferences.java:690)
	at org.eclipse.core.internal.preferences.EclipsePreferences.create(EclipsePreferences.java:381)
	at org.eclipse.core.internal.preferences.EclipsePreferences.internalNode(EclipsePreferences.java:635)
	at org.eclipse.core.internal.preferences.EclipsePreferences.node(EclipsePreferences.java:771)
	at org.eclipse.core.runtime.preferences.AbstractScope.getNode(AbstractScope.java:37)
	at org.eclipse.jdt.internal.core.manipulation.MembersOrderPreferenceCacheCommon.install(MembersOrderPreferenceCacheCommon.java:109)
	at org.eclipse.jdt.ls.core.internal.JavaLanguageServerPlugin.setPreferenceNodeId(JavaLanguageServerPlugin.java:258)
	at org.eclipse.jdt.ls.core.internal.JavaLanguageServerPlugin.start(JavaLanguageServerPlugin.java:157)
	at org.eclipse.osgi.internal.framework.BundleContextImpl$2.run(BundleContextImpl.java:826)
	at org.eclipse.osgi.internal.framework.BundleContextImpl$2.run(BundleContextImpl.java:1)
	at java.base/java.security.AccessController.doPrivileged(AccessController.java:251)
	at org.eclipse.osgi.internal.framework.BundleContextImpl.startActivator(BundleContextImpl.java:818)
	... 30 more
