!SESSION 2025-11-11 21:33:22.177 -----------------------------------------------
eclipse.buildId=unknown
java.version=25
java.vendor=Eclipse Adoptium
BootLoader constants: OS=linux, ARCH=x86_64, WS=gtk, NL=fr_FR
Command-line arguments:  -data /path/to/data

!ENTRY org.eclipse.osgi 4 0 2025-11-11 21:33:22.944
!MESSAGE An error occurred while automatically activating bundle org.eclipse.core.resources (31).
!STACK 0
org.osgi.framework.BundleException: Exception in org.eclipse.core.resources.ResourcesPlugin.start() of bundle org.eclipse.core.resources.
	at org.eclipse.osgi.internal.framework.BundleContextImpl.startActivator(BundleContextImpl.java:847)
	at org.eclipse.osgi.internal.framework.BundleContextImpl.start(BundleContextImpl.java:768)
	at org.eclipse.osgi.internal.framework.EquinoxBundle.startWorker0(EquinoxBundle.java:1066)
	at org.eclipse.osgi.internal.framework.EquinoxBundle$EquinoxModule.startWorker(EquinoxBundle.java:394)
	at org.eclipse.osgi.container.Module.doStart(Module.java:643)
	at org.eclipse.osgi.container.Module.start(Module.java:500)
	at org.eclipse.osgi.framework.util.SecureAction.start(SecureAction.java:528)
	at org.eclipse.osgi.internal.hooks.EclipseLazyStarter.postFindLocalClass(EclipseLazyStarter.java:122)
	at org.eclipse.osgi.internal.loader.classpath.ClasspathManager.findLocalClass(ClasspathManager.java:622)
	at org.eclipse.osgi.internal.loader.ModuleClassLoader.findLocalClass(ModuleClassLoader.java:353)
	at org.eclipse.osgi.internal.loader.BundleLoader.findLocalClass(BundleLoader.java:417)
	at org.eclipse.osgi.internal.loader.BundleLoader.findClass0(BundleLoader.java:525)
	at org.eclipse.osgi.internal.loader.BundleLoader.findClass(BundleLoader.java:438)
	at org.eclipse.osgi.internal.loader.ModuleClassLoader.loadClass(ModuleClassLoader.java:195)
	at java.base/java.lang.ClassLoader.loadClass(ClassLoader.java:490)
	at java.base/java.lang.Class.getDeclaredConstructors0(Native Method)
	at java.base/java.lang.Class.privateGetDeclaredConstructors(Class.java:2985)
	at java.base/java.lang.Class.getConstructor0(Class.java:3180)
	at java.base/java.lang.Class.getConstructor(Class.java:2199)
	at org.eclipse.osgi.internal.framework.BundleContextImpl.loadBundleActivator(BundleContextImpl.java:808)
	at org.eclipse.osgi.internal.framework.BundleContextImpl.start(BundleContextImpl.java:753)
	at org.eclipse.osgi.internal.framework.EquinoxBundle.startWorker0(EquinoxBundle.java:1066)
	at org.eclipse.osgi.internal.framework.EquinoxBundle$EquinoxModule.startWorker(EquinoxBundle.java:394)
	at org.eclipse.osgi.container.Module.doStart(Module.java:643)
	at org.eclipse.osgi.container.Module.start(Module.java:500)
	at org.eclipse.osgi.container.ModuleContainer$ContainerStartLevel$2.run(ModuleContainer.java:2110)
	at org.eclipse.osgi.internal.framework.EquinoxContainerAdaptor$1$1.execute(EquinoxContainerAdaptor.java:146)
	at org.eclipse.osgi.container.ModuleContainer$ContainerStartLevel.incStartLevel(ModuleContainer.java:2101)
	at org.eclipse.osgi.container.ModuleContainer$ContainerStartLevel.incStartLevel(ModuleContainer.java:2043)
	at org.eclipse.osgi.container.ModuleContainer$ContainerStartLevel.doContainerStartLevel(ModuleContainer.java:2003)
	at org.eclipse.osgi.container.ModuleContainer$ContainerStartLevel.dispatchEvent(ModuleContainer.java:1915)
	at org.eclipse.osgi.container.ModuleContainer$ContainerStartLevel.dispatchEvent(ModuleContainer.java:1)
	at org.eclipse.osgi.framework.eventmgr.EventManager.dispatchEvent(EventManager.java:230)
	at org.eclipse.osgi.framework.eventmgr.EventManager$EventThread.run(EventManager.java:341)
Caused by: java.lang.IllegalStateException: The platform metadata area could not be written: /path/to/data/.metadata.  By default the platform writes its content
under the current working directory when the platform is launched.  Use the -data parameter to
specify a different content area for the platform.
	at org.eclipse.core.internal.runtime.DataArea.assertLocationInitialized(DataArea.java:80)
	at org.eclipse.core.internal.runtime.DataArea.getStateLocation(DataArea.java:150)
	at org.eclipse.core.internal.runtime.InternalPlatform.getStateLocation(InternalPlatform.java:562)
	at org.eclipse.core.runtime.Plugin.getStateLocation(Plugin.java:275)
	at org.eclipse.core.internal.resources.LocalMetaArea.<init>(LocalMetaArea.java:79)
	at org.eclipse.core.internal.resources.Workspace.<init>(Workspace.java:381)
	at org.eclipse.core.resources.ResourcesPlugin$WorkspaceInitCustomizer.addingService(ResourcesPlugin.java:588)
	at org.eclipse.core.resources.ResourcesPlugin$WorkspaceInitCustomizer.addingService(ResourcesPlugin.java:1)
	at org.osgi.util.tracker.ServiceTracker$Tracked.customizerAdding(ServiceTracker.java:947)
	at org.osgi.util.tracker.ServiceTracker$Tracked.customizerAdding(ServiceTracker.java:1)
	at org.osgi.util.tracker.AbstractTracked.trackAdding(AbstractTracked.java:257)
	at org.osgi.util.tracker.AbstractTracked.trackInitial(AbstractTracked.java:184)
	at org.osgi.util.tracker.ServiceTracker.open(ServiceTracker.java:324)
	at org.osgi.util.tracker.ServiceTracker.open(ServiceTracker.java:267)
	at org.eclipse.core.resources.ResourcesPlugin.start(ResourcesPlugin.java:565)
	at org.eclipse.osgi.internal.framework.BundleContextImpl$2.run(BundleContextImpl.java:826)
	at org.eclipse.osgi.internal.framework.BundleContextImpl$2.run(BundleContextImpl.java:1)
	at java.base/java.security.AccessController.doPrivileged(AccessController.java:251)
	at org.eclipse.osgi.internal.framework.BundleContextImpl.startActivator(BundleContextImpl.java:818)
	... 33 more
Root exception:
java.lang.IllegalStateException: The platform metadata area could not be written: /path/to/data/.metadata.  By default the platform writes its content
under the current working directory when the platform is launched.  Use the -data parameter to
specify a different content area for the platform.
	at org.eclipse.core.internal.runtime.DataArea.assertLocationInitialized(DataArea.java:80)
	at org.eclipse.core.internal.runtime.DataArea.getStateLocation(DataArea.java:150)
	at org.eclipse.core.internal.runtime.InternalPlatform.getStateLocation(InternalPlatform.java:562)
	at org.eclipse.core.runtime.Plugin.getStateLocation(Plugin.java:275)
	at org.eclipse.core.internal.resources.LocalMetaArea.<init>(LocalMetaArea.java:79)
	at org.eclipse.core.internal.resources.Workspace.<init>(Workspace.java:381)
	at org.eclipse.core.resources.ResourcesPlugin$WorkspaceInitCustomizer.addingService(ResourcesPlugin.java:588)
	at org.eclipse.core.resources.ResourcesPlugin$WorkspaceInitCustomizer.addingService(ResourcesPlugin.java:1)
	at org.osgi.util.tracker.ServiceTracker$Tracked.customizerAdding(ServiceTracker.java:947)
	at org.osgi.util.tracker.ServiceTracker$Tracked.customizerAdding(ServiceTracker.java:1)
	at org.osgi.util.tracker.AbstractTracked.trackAdding(AbstractTracked.java:257)
	at org.osgi.util.tracker.AbstractTracked.trackInitial(AbstractTracked.java:184)
	at org.osgi.util.tracker.ServiceTracker.open(ServiceTracker.java:324)
	at org.osgi.util.tracker.ServiceTracker.open(ServiceTracker.java:267)
	at org.eclipse.core.resources.ResourcesPlugin.start(ResourcesPlugin.java:565)
	at org.eclipse.osgi.internal.framework.BundleContextImpl$2.run(BundleContextImpl.java:826)
	at org.eclipse.osgi.internal.framework.BundleContextImpl$2.run(BundleContextImpl.java:1)
	at java.base/java.security.AccessController.doPrivileged(AccessController.java:251)
	at org.eclipse.osgi.internal.framework.BundleContextImpl.startActivator(BundleContextImpl.java:818)
	at org.eclipse.osgi.internal.framework.BundleContextImpl.start(BundleContextImpl.java:768)
	at org.eclipse.osgi.internal.framework.EquinoxBundle.startWorker0(EquinoxBundle.java:1066)
	at org.eclipse.osgi.internal.framework.EquinoxBundle$EquinoxModule.startWorker(EquinoxBundle.java:394)
	at org.eclipse.osgi.container.Module.doStart(Module.java:643)
	at org.eclipse.osgi.container.Module.start(Module.java:500)
	at org.eclipse.osgi.framework.util.SecureAction.start(SecureAction.java:528)
	at org.eclipse.osgi.internal.hooks.EclipseLazyStarter.postFindLocalClass(EclipseLazyStarter.java:122)
	at org.eclipse.osgi.internal.loader.classpath.ClasspathManager.findLocalClass(ClasspathManager.java:622)
	at org.eclipse.osgi.internal.loader.ModuleClassLoader.findLocalClass(ModuleClassLoader.java:353)
	at org.eclipse.osgi.internal.loader.BundleLoader.findLocalClass(BundleLoader.java:417)
	at org.eclipse.osgi.internal.loader.BundleLoader.findClass0(BundleLoader.java:525)
	at org.eclipse.osgi.internal.loader.BundleLoader.findClass(BundleLoader.java:438)
	at org.eclipse.osgi.internal.loader.ModuleClassLoader.loadClass(ModuleClassLoader.java:195)
	at java.base/java.lang.ClassLoader.loadClass(ClassLoader.java:490)
	at java.base/java.lang.Class.getDeclaredConstructors0(Native Method)
	at java.base/java.lang.Class.privateGetDeclaredConstructors(Class.java:2985)
	at java.base/java.lang.Class.getConstructor0(Class.java:3180)
	at java.base/java.lang.Class.getConstructor(Class.java:2199)
	at org.eclipse.osgi.internal.framework.BundleContextImpl.loadBundleActivator(BundleContextImpl.java:808)
	at org.eclipse.osgi.internal.framework.BundleContextImpl.start(BundleContextImpl.java:753)
	at org.eclipse.osgi.internal.framework.EquinoxBundle.startWorker0(EquinoxBundle.java:1066)
	at org.eclipse.osgi.internal.framework.EquinoxBundle$EquinoxModule.startWorker(EquinoxBundle.java:394)
	at org.eclipse.osgi.container.Module.doStart(Module.java:643)
	at org.eclipse.osgi.container.Module.start(Module.java:500)
	at org.eclipse.osgi.container.ModuleContainer$ContainerStartLevel$2.run(ModuleContainer.java:2110)
	at org.eclipse.osgi.internal.framework.EquinoxContainerAdaptor$1$1.execute(EquinoxContainerAdaptor.java:146)
	at org.eclipse.osgi.container.ModuleContainer$ContainerStartLevel.incStartLevel(ModuleContainer.java:2101)
	at org.eclipse.osgi.container.ModuleContainer$ContainerStartLevel.incStartLevel(ModuleContainer.java:2043)
	at org.eclipse.osgi.container.ModuleContainer$ContainerStartLevel.doContainerStartLevel(ModuleContainer.java:2003)
	at org.eclipse.osgi.container.ModuleContainer$ContainerStartLevel.dispatchEvent(ModuleContainer.java:1915)
	at org.eclipse.osgi.container.ModuleContainer$ContainerStartLevel.dispatchEvent(ModuleContainer.java:1)
	at org.eclipse.osgi.framework.eventmgr.EventManager.dispatchEvent(EventManager.java:230)
	at org.eclipse.osgi.framework.eventmgr.EventManager$EventThread.run(EventManager.java:341)

!ENTRY org.eclipse.jdt.ls.core 4 0 2025-11-11 21:33:22.946
!MESSAGE FrameworkEvent ERROR
!STACK 0
org.osgi.framework.BundleException: Error starting module. osgi.identity; type="osgi.bundle"; version:Version="1.52.0.202510031334"; osgi.identity="org.eclipse.jdt.ls.core"; singleton:="true" [id=58]
	at org.eclipse.osgi.container.Module.doStart(Module.java:652)
	at org.eclipse.osgi.container.Module.start(Module.java:500)
	at org.eclipse.osgi.container.ModuleContainer$ContainerStartLevel$2.run(ModuleContainer.java:2110)
	at org.eclipse.osgi.internal.framework.EquinoxContainerAdaptor$1$1.execute(EquinoxContainerAdaptor.java:146)
	at org.eclipse.osgi.container.ModuleContainer$ContainerStartLevel.incStartLevel(ModuleContainer.java:2101)
	at org.eclipse.osgi.container.ModuleContainer$ContainerStartLevel.incStartLevel(ModuleContainer.java:2043)
	at org.eclipse.osgi.container.ModuleContainer$ContainerStartLevel.doContainerStartLevel(ModuleContainer.java:2003)
	at org.eclipse.osgi.container.ModuleContainer$ContainerStartLevel.dispatchEvent(ModuleContainer.java:1915)
	at org.eclipse.osgi.container.ModuleContainer$ContainerStartLevel.dispatchEvent(ModuleContainer.java:1)
	at org.eclipse.osgi.framework.eventmgr.EventManager.dispatchEvent(EventManager.java:230)
	at org.eclipse.osgi.framework.eventmgr.EventManager$EventThread.run(EventManager.java:341)
Caused by: java.lang.NoClassDefFoundError: org/eclipse/jdt/ls/core/internal/managers/ProjectsManager
	at java.base/java.lang.Class.getDeclaredConstructors0(Native Method)
	at java.base/java.lang.Class.privateGetDeclaredConstructors(Class.java:2985)
	at java.base/java.lang.Class.getConstructor0(Class.java:3180)
	at java.base/java.lang.Class.getConstructor(Class.java:2199)
	at org.eclipse.osgi.internal.framework.BundleContextImpl.loadBundleActivator(BundleContextImpl.java:808)
	at org.eclipse.osgi.internal.framework.BundleContextImpl.start(BundleContextImpl.java:753)
	at org.eclipse.osgi.internal.framework.EquinoxBundle.startWorker0(EquinoxBundle.java:1066)
	at org.eclipse.osgi.internal.framework.EquinoxBundle$EquinoxModule.startWorker(EquinoxBundle.java:394)
	at org.eclipse.osgi.container.Module.doStart(Module.java:643)
	... 10 more
Caused by: java.lang.ClassNotFoundException: An error occurred while automatically activating bundle org.eclipse.core.resources (31).
	at org.eclipse.osgi.internal.hooks.EclipseLazyStarter.postFindLocalClass(EclipseLazyStarter.java:133)
	at org.eclipse.osgi.internal.loader.classpath.ClasspathManager.findLocalClass(ClasspathManager.java:622)
	at org.eclipse.osgi.internal.loader.ModuleClassLoader.findLocalClass(ModuleClassLoader.java:353)
	at org.eclipse.osgi.internal.loader.BundleLoader.findLocalClass(BundleLoader.java:417)
	at org.eclipse.osgi.internal.loader.BundleLoader.findClass0(BundleLoader.java:525)
	at org.eclipse.osgi.internal.loader.BundleLoader.findClass(BundleLoader.java:438)
	at org.eclipse.osgi.internal.loader.ModuleClassLoader.loadClass(ModuleClassLoader.java:195)
	at java.base/java.lang.ClassLoader.loadClass(ClassLoader.java:490)
	... 19 more
Caused by: org.osgi.framework.BundleException: Exception in org.eclipse.core.resources.ResourcesPlugin.start() of bundle org.eclipse.core.resources.
	at org.eclipse.osgi.internal.framework.BundleContextImpl.startActivator(BundleContextImpl.java:847)
	at org.eclipse.osgi.internal.framework.BundleContextImpl.start(BundleContextImpl.java:768)
	at org.eclipse.osgi.internal.framework.EquinoxBundle.startWorker0(EquinoxBundle.java:1066)
	at org.eclipse.osgi.internal.framework.EquinoxBundle$EquinoxModule.startWorker(EquinoxBundle.java:394)
	at org.eclipse.osgi.container.Module.doStart(Module.java:643)
	at org.eclipse.osgi.container.Module.start(Module.java:500)
	at org.eclipse.osgi.framework.util.SecureAction.start(SecureAction.java:528)
	at org.eclipse.osgi.internal.hooks.EclipseLazyStarter.postFindLocalClass(EclipseLazyStarter.java:122)
	... 26 more
Caused by: java.lang.IllegalStateException: The platform metadata area could not be written: /path/to/data/.metadata.  By default the platform writes its content
under the current working directory when the platform is launched.  Use the -data parameter to
specify a different content area for the platform.
	at org.eclipse.core.internal.runtime.DataArea.assertLocationInitialized(DataArea.java:80)
	at org.eclipse.core.internal.runtime.DataArea.getStateLocation(DataArea.java:150)
	at org.eclipse.core.internal.runtime.InternalPlatform.getStateLocation(InternalPlatform.java:562)
	at org.eclipse.core.runtime.Plugin.getStateLocation(Plugin.java:275)
	at org.eclipse.core.internal.resources.LocalMetaArea.<init>(LocalMetaArea.java:79)
	at org.eclipse.core.internal.resources.Workspace.<init>(Workspace.java:381)
	at org.eclipse.core.resources.ResourcesPlugin$WorkspaceInitCustomizer.addingService(ResourcesPlugin.java:588)
	at org.eclipse.core.resources.ResourcesPlugin$WorkspaceInitCustomizer.addingService(ResourcesPlugin.java:1)
	at org.osgi.util.tracker.ServiceTracker$Tracked.customizerAdding(ServiceTracker.java:947)
	at org.osgi.util.tracker.ServiceTracker$Tracked.customizerAdding(ServiceTracker.java:1)
	at org.osgi.util.tracker.AbstractTracked.trackAdding(AbstractTracked.java:257)
	at org.osgi.util.tracker.AbstractTracked.trackInitial(AbstractTracked.java:184)
	at org.osgi.util.tracker.ServiceTracker.open(ServiceTracker.java:324)
	at org.osgi.util.tracker.ServiceTracker.open(ServiceTracker.java:267)
	at org.eclipse.core.resources.ResourcesPlugin.start(ResourcesPlugin.java:565)
	at org.eclipse.osgi.internal.framework.BundleContextImpl$2.run(BundleContextImpl.java:826)
	at org.eclipse.osgi.internal.framework.BundleContextImpl$2.run(BundleContextImpl.java:1)
	at java.base/java.security.AccessController.doPrivileged(AccessController.java:251)
	at org.eclipse.osgi.internal.framework.BundleContextImpl.startActivator(BundleContextImpl.java:818)
	... 33 more
Root exception:
java.lang.NoClassDefFoundError: org/eclipse/jdt/ls/core/internal/managers/ProjectsManager
	at java.base/java.lang.Class.getDeclaredConstructors0(Native Method)
	at java.base/java.lang.Class.privateGetDeclaredConstructors(Class.java:2985)
	at java.base/java.lang.Class.getConstructor0(Class.java:3180)
	at java.base/java.lang.Class.getConstructor(Class.java:2199)
	at org.eclipse.osgi.internal.framework.BundleContextImpl.loadBundleActivator(BundleContextImpl.java:808)
	at org.eclipse.osgi.internal.framework.BundleContextImpl.start(BundleContextImpl.java:753)
	at org.eclipse.osgi.internal.framework.EquinoxBundle.startWorker0(EquinoxBundle.java:1066)
	at org.eclipse.osgi.internal.framework.EquinoxBundle$EquinoxModule.startWorker(EquinoxBundle.java:394)
	at org.eclipse.osgi.container.Module.doStart(Module.java:643)
	at org.eclipse.osgi.container.Module.start(Module.java:500)
	at org.eclipse.osgi.container.ModuleContainer$ContainerStartLevel$2.run(ModuleContainer.java:2110)
	at org.eclipse.osgi.internal.framework.EquinoxContainerAdaptor$1$1.execute(EquinoxContainerAdaptor.java:146)
	at org.eclipse.osgi.container.ModuleContainer$ContainerStartLevel.incStartLevel(ModuleContainer.java:2101)
	at org.eclipse.osgi.container.ModuleContainer$ContainerStartLevel.incStartLevel(ModuleContainer.java:2043)
	at org.eclipse.osgi.container.ModuleContainer$ContainerStartLevel.doContainerStartLevel(ModuleContainer.java:2003)
	at org.eclipse.osgi.container.ModuleContainer$ContainerStartLevel.dispatchEvent(ModuleContainer.java:1915)
	at org.eclipse.osgi.container.ModuleContainer$ContainerStartLevel.dispatchEvent(ModuleContainer.java:1)
	at org.eclipse.osgi.framework.eventmgr.EventManager.dispatchEvent(EventManager.java:230)
	at org.eclipse.osgi.framework.eventmgr.EventManager$EventThread.run(EventManager.java:341)
Caused by: java.lang.ClassNotFoundException: An error occurred while automatically activating bundle org.eclipse.core.resources (31).
	at org.eclipse.osgi.internal.hooks.EclipseLazyStarter.postFindLocalClass(EclipseLazyStarter.java:133)
	at org.eclipse.osgi.internal.loader.classpath.ClasspathManager.findLocalClass(ClasspathManager.java:622)
	at org.eclipse.osgi.internal.loader.ModuleClassLoader.findLocalClass(ModuleClassLoader.java:353)
	at org.eclipse.osgi.internal.loader.BundleLoader.findLocalClass(BundleLoader.java:417)
	at org.eclipse.osgi.internal.loader.BundleLoader.findClass0(BundleLoader.java:525)
	at org.eclipse.osgi.internal.loader.BundleLoader.findClass(BundleLoader.java:438)
	at org.eclipse.osgi.internal.loader.ModuleClassLoader.loadClass(ModuleClassLoader.java:195)
	at java.base/java.lang.ClassLoader.loadClass(ClassLoader.java:490)
	... 19 more
Caused by: org.osgi.framework.BundleException: Exception in org.eclipse.core.resources.ResourcesPlugin.start() of bundle org.eclipse.core.resources.
	at org.eclipse.osgi.internal.framework.BundleContextImpl.startActivator(BundleContextImpl.java:847)
	at org.eclipse.osgi.internal.framework.BundleContextImpl.start(BundleContextImpl.java:768)
	at org.eclipse.osgi.internal.framework.EquinoxBundle.startWorker0(EquinoxBundle.java:1066)
	at org.eclipse.osgi.internal.framework.EquinoxBundle$EquinoxModule.startWorker(EquinoxBundle.java:394)
	at org.eclipse.osgi.container.Module.doStart(Module.java:643)
	at org.eclipse.osgi.container.Module.start(Module.java:500)
	at org.eclipse.osgi.framework.util.SecureAction.start(SecureAction.java:528)
	at org.eclipse.osgi.internal.hooks.EclipseLazyStarter.postFindLocalClass(EclipseLazyStarter.java:122)
	... 26 more
Caused by: java.lang.IllegalStateException: The platform metadata area could not be written: /path/to/data/.metadata.  By default the platform writes its content
under the current working directory when the platform is launched.  Use the -data parameter to
specify a different content area for the platform.
	at org.eclipse.core.internal.runtime.DataArea.assertLocationInitialized(DataArea.java:80)
	at org.eclipse.core.internal.runtime.DataArea.getStateLocation(DataArea.java:150)
	at org.eclipse.core.internal.runtime.InternalPlatform.getStateLocation(InternalPlatform.java:562)
	at org.eclipse.core.runtime.Plugin.getStateLocation(Plugin.java:275)
	at org.eclipse.core.internal.resources.LocalMetaArea.<init>(LocalMetaArea.java:79)
	at org.eclipse.core.internal.resources.Workspace.<init>(Workspace.java:381)
	at org.eclipse.core.resources.ResourcesPlugin$WorkspaceInitCustomizer.addingService(ResourcesPlugin.java:588)
	at org.eclipse.core.resources.ResourcesPlugin$WorkspaceInitCustomizer.addingService(ResourcesPlugin.java:1)
	at org.osgi.util.tracker.ServiceTracker$Tracked.customizerAdding(ServiceTracker.java:947)
	at org.osgi.util.tracker.ServiceTracker$Tracked.customizerAdding(ServiceTracker.java:1)
	at org.osgi.util.tracker.AbstractTracked.trackAdding(AbstractTracked.java:257)
	at org.osgi.util.tracker.AbstractTracked.trackInitial(AbstractTracked.java:184)
	at org.osgi.util.tracker.ServiceTracker.open(ServiceTracker.java:324)
	at org.osgi.util.tracker.ServiceTracker.open(ServiceTracker.java:267)
	at org.eclipse.core.resources.ResourcesPlugin.start(ResourcesPlugin.java:565)
	at org.eclipse.osgi.internal.framework.BundleContextImpl$2.run(BundleContextImpl.java:826)
	at org.eclipse.osgi.internal.framework.BundleContextImpl$2.run(BundleContextImpl.java:1)
	at java.base/java.security.AccessController.doPrivileged(AccessController.java:251)
	at org.eclipse.osgi.internal.framework.BundleContextImpl.startActivator(BundleContextImpl.java:818)
	... 33 more

!ENTRY org.eclipse.osgi 4 0 2025-11-11 21:33:22.947
!MESSAGE Bundle org.eclipse.jdt.ls.core_1.52.0.202510031334 [58] is not active.

!ENTRY org.eclipse.osgi 4 0 2025-11-11 21:33:22.962
!MESSAGE An error occurred while automatically activating bundle org.eclipse.jdt.core (50).
!STACK 0
org.osgi.framework.BundleException: Error starting module. osgi.identity; type="osgi.bundle"; version:Version="3.44.0.v20251001-0848"; osgi.identity="org.eclipse.jdt.core"; singleton:="true" [id=50]
	at org.eclipse.osgi.container.Module.doStart(Module.java:652)
	at org.eclipse.osgi.container.Module.start(Module.java:500)
	at org.eclipse.osgi.framework.util.SecureAction.start(SecureAction.java:528)
	at org.eclipse.osgi.internal.hooks.EclipseLazyStarter.postFindLocalClass(EclipseLazyStarter.java:122)
	at org.eclipse.osgi.internal.loader.classpath.ClasspathManager.findLocalClass(ClasspathManager.java:622)
	at org.eclipse.osgi.internal.loader.ModuleClassLoader.findLocalClass(ModuleClassLoader.java:353)
	at org.eclipse.osgi.internal.loader.BundleLoader.findLocalClass(BundleLoader.java:417)
	at org.eclipse.osgi.internal.loader.sources.SingleSourcePackage.loadClass(SingleSourcePackage.java:41)
	at org.eclipse.osgi.internal.loader.BundleLoader.findClass0(BundleLoader.java:521)
	at org.eclipse.osgi.internal.loader.BundleLoader.findClass(BundleLoader.java:438)
	at org.eclipse.osgi.internal.loader.ModuleClassLoader.loadClass(ModuleClassLoader.java:195)
	at java.base/java.lang.ClassLoader.loadClass(ClassLoader.java:490)
	at java.base/java.lang.Class.getDeclaredConstructors0(Native Method)
	at java.base/java.lang.Class.privateGetDeclaredConstructors(Class.java:2985)
	at java.base/java.lang.Class.getConstructor0(Class.java:3180)
	at java.base/java.lang.Class.getConstructor(Class.java:2199)
	at org.eclipse.osgi.internal.framework.BundleContextImpl.loadBundleActivator(BundleContextImpl.java:808)
	at org.eclipse.osgi.internal.framework.BundleContextImpl.start(BundleContextImpl.java:753)
	at org.eclipse.osgi.internal.framework.EquinoxBundle.startWorker0(EquinoxBundle.java:1066)
	at org.eclipse.osgi.internal.framework.EquinoxBundle$EquinoxModule.startWorker(EquinoxBundle.java:394)
	at org.eclipse.osgi.container.Module.doStart(Module.java:643)
	at org.eclipse.osgi.container.Module.start(Module.java:500)
	at org.eclipse.osgi.framework.util.SecureAction.start(SecureAction.java:528)
	at org.eclipse.osgi.internal.hooks.EclipseLazyStarter.postFindLocalClass(EclipseLazyStarter.java:122)
	at org.eclipse.osgi.internal.loader.classpath.ClasspathManager.findLocalClass(ClasspathManager.java:622)
	at org.eclipse.osgi.internal.loader.ModuleClassLoader.findLocalClass(ModuleClassLoader.java:353)
	at org.eclipse.osgi.internal.loader.BundleLoader.findLocalClass(BundleLoader.java:417)
	at org.eclipse.osgi.internal.loader.BundleLoader.findClass0(BundleLoader.java:525)
	at org.eclipse.osgi.internal.loader.BundleLoader.findClass(BundleLoader.java:438)
	at org.eclipse.osgi.internal.loader.ModuleClassLoader.loadClass(ModuleClassLoader.java:195)
	at java.base/java.lang.ClassLoader.loadClass(ClassLoader.java:490)
	at org.eclipse.osgi.internal.framework.EquinoxBundle.loadClass(EquinoxBundle.java:652)
	at org.eclipse.core.internal.registry.osgi.RegistryStrategyOSGI.createExecutableExtension(RegistryStrategyOSGI.java:226)
	at org.eclipse.core.internal.registry.ExtensionRegistry.createExecutableExtension(ExtensionRegistry.java:1034)
	at org.eclipse.core.internal.registry.ConfigurationElement.createExecutableExtension(ConfigurationElement.java:286)
	at org.eclipse.core.internal.registry.ConfigurationElementHandle.createExecutableExtension(ConfigurationElementHandle.java:65)
	at org.eclipse.equinox.internal.app.EclipseAppHandle.run(EclipseAppHandle.java:214)
	at org.eclipse.core.runtime.internal.adaptor.EclipseAppLauncher.runApplication(EclipseAppLauncher.java:149)
	at org.eclipse.core.runtime.internal.adaptor.EclipseAppLauncher.start(EclipseAppLauncher.java:115)
	at org.eclipse.core.runtime.adaptor.EclipseStarter.run(EclipseStarter.java:467)
	at org.eclipse.core.runtime.adaptor.EclipseStarter.run(EclipseStarter.java:298)
	at java.base/jdk.internal.reflect.DirectMethodHandleAccessor.invoke(DirectMethodHandleAccessor.java:104)
	at java.base/java.lang.reflect.Method.invoke(Method.java:565)
	at org.eclipse.equinox.launcher.Main.invokeFramework(Main.java:627)
	at org.eclipse.equinox.launcher.Main.basicRun(Main.java:575)
	at org.eclipse.equinox.launcher.Main.run(Main.java:1431)
	at org.eclipse.equinox.launcher.Main.main(Main.java:1403)
Caused by: java.lang.NoClassDefFoundError: org/eclipse/core/resources/IWorkspaceRunnable
	at java.base/java.lang.Class.getDeclaredConstructors0(Native Method)
	at java.base/java.lang.Class.privateGetDeclaredConstructors(Class.java:2985)
	at java.base/java.lang.Class.getConstructor0(Class.java:3180)
	at java.base/java.lang.Class.getConstructor(Class.java:2199)
	at org.eclipse.osgi.internal.framework.BundleContextImpl.loadBundleActivator(BundleContextImpl.java:808)
	at org.eclipse.osgi.internal.framework.BundleContextImpl.start(BundleContextImpl.java:753)
	at org.eclipse.osgi.internal.framework.EquinoxBundle.startWorker0(EquinoxBundle.java:1066)
	at org.eclipse.osgi.internal.framework.EquinoxBundle$EquinoxModule.startWorker(EquinoxBundle.java:394)
	at org.eclipse.osgi.container.Module.doStart(Module.java:643)
	... 46 more
Caused by: java.lang.ClassNotFoundException: An error occurred while automatically activating bundle org.eclipse.core.resources (31).
	at org.eclipse.osgi.internal.hooks.EclipseLazyStarter.postFindLocalClass(EclipseLazyStarter.java:133)
	at org.eclipse.osgi.internal.loader.classpath.ClasspathManager.findLocalClass(ClasspathManager.java:622)
	at org.eclipse.osgi.internal.loader.ModuleClassLoader.findLocalClass(ModuleClassLoader.java:353)
	at org.eclipse.osgi.internal.loader.BundleLoader.findLocalClass(BundleLoader.java:417)
	at org.eclipse.osgi.internal.loader.BundleLoader.findClass0(BundleLoader.java:525)
	at org.eclipse.osgi.internal.loader.BundleLoader.findClass(BundleLoader.java:438)
	at org.eclipse.osgi.internal.loader.ModuleClassLoader.loadClass(ModuleClassLoader.java:195)
	at java.base/java.lang.ClassLoader.loadClass(ClassLoader.java:490)
	at java.base/java.lang.Class.getDeclaredConstructors0(Native Method)
	at java.base/java.lang.Class.privateGetDeclaredConstructors(Class.java:2985)
	at java.base/java.lang.Class.getConstructor0(Class.java:3180)
	at java.base/java.lang.Class.getConstructor(Class.java:2199)
	at org.eclipse.osgi.internal.framework.BundleContextImpl.loadBundleActivator(BundleContextImpl.java:808)
	at org.eclipse.osgi.internal.framework.BundleContextImpl.start(BundleContextImpl.java:753)
	at org.eclipse.osgi.internal.framework.EquinoxBundle.startWorker0(EquinoxBundle.java:1066)
	at org.eclipse.osgi.internal.framework.EquinoxBundle$EquinoxModule.startWorker(EquinoxBundle.java:394)
	at org.eclipse.osgi.container.Module.doStart(Module.java:643)
	at org.eclipse.osgi.container.Module.start(Module.java:500)
	at org.eclipse.osgi.container.ModuleContainer$ContainerStartLevel$2.run(ModuleContainer.java:2110)
	at org.eclipse.osgi.internal.framework.EquinoxContainerAdaptor$1$1.execute(EquinoxContainerAdaptor.java:146)
	at org.eclipse.osgi.container.ModuleContainer$ContainerStartLevel.incStartLevel(ModuleContainer.java:2101)
	at org.eclipse.osgi.container.ModuleContainer$ContainerStartLevel.incStartLevel(ModuleContainer.java:2043)
	at org.eclipse.osgi.container.ModuleContainer$ContainerStartLevel.doContainerStartLevel(ModuleContainer.java:2003)
	at org.eclipse.osgi.container.ModuleContainer$ContainerStartLevel.dispatchEvent(ModuleContainer.java:1915)
	at org.eclipse.osgi.container.ModuleContainer$ContainerStartLevel.dispatchEvent(ModuleContainer.java:1)
	at org.eclipse.osgi.framework.eventmgr.EventManager.dispatchEvent(EventManager.java:230)
	at org.eclipse.osgi.framework.eventmgr.EventManager$EventThread.run(EventManager.java:341)
Caused by: org.osgi.framework.BundleException: Exception in org.eclipse.core.resources.ResourcesPlugin.start() of bundle org.eclipse.core.resources.
	at org.eclipse.osgi.internal.framework.BundleContextImpl.startActivator(BundleContextImpl.java:847)
	at org.eclipse.osgi.internal.framework.BundleContextImpl.start(BundleContextImpl.java:768)
	at org.eclipse.osgi.internal.framework.EquinoxBundle.startWorker0(EquinoxBundle.java:1066)
	at org.eclipse.osgi.internal.framework.EquinoxBundle$EquinoxModule.startWorker(EquinoxBundle.java:394)
	at org.eclipse.osgi.container.Module.doStart(Module.java:643)
	at org.eclipse.osgi.container.Module.start(Module.java:500)
	at org.eclipse.osgi.framework.util.SecureAction.start(SecureAction.java:528)
	at org.eclipse.osgi.internal.hooks.EclipseLazyStarter.postFindLocalClass(EclipseLazyStarter.java:122)
	... 26 more
Caused by: java.lang.IllegalStateException: The platform metadata area could not be written: /path/to/data/.metadata.  By default the platform writes its content
under the current working directory when the platform is launched.  Use the -data parameter to
specify a different content area for the platform.
	at org.eclipse.core.internal.runtime.DataArea.assertLocationInitialized(DataArea.java:80)
	at org.eclipse.core.internal.runtime.DataArea.getStateLocation(DataArea.java:150)
	at org.eclipse.core.internal.runtime.InternalPlatform.getStateLocation(InternalPlatform.java:562)
	at org.eclipse.core.runtime.Plugin.getStateLocation(Plugin.java:275)
	at org.eclipse.core.internal.resources.LocalMetaArea.<init>(LocalMetaArea.java:79)
	at org.eclipse.core.internal.resources.Workspace.<init>(Workspace.java:381)
	at org.eclipse.core.resources.ResourcesPlugin$WorkspaceInitCustomizer.addingService(ResourcesPlugin.java:588)
	at org.eclipse.core.resources.ResourcesPlugin$WorkspaceInitCustomizer.addingService(ResourcesPlugin.java:1)
	at org.osgi.util.tracker.ServiceTracker$Tracked.customizerAdding(ServiceTracker.java:947)
	at org.osgi.util.tracker.ServiceTracker$Tracked.customizerAdding(ServiceTracker.java:1)
	at org.osgi.util.tracker.AbstractTracked.trackAdding(AbstractTracked.java:257)
	at org.osgi.util.tracker.AbstractTracked.trackInitial(AbstractTracked.java:184)
	at org.osgi.util.tracker.ServiceTracker.open(ServiceTracker.java:324)
	at org.osgi.util.tracker.ServiceTracker.open(ServiceTracker.java:267)
	at org.eclipse.core.resources.ResourcesPlugin.start(ResourcesPlugin.java:565)
	at org.eclipse.osgi.internal.framework.BundleContextImpl$2.run(BundleContextImpl.java:826)
	at org.eclipse.osgi.internal.framework.BundleContextImpl$2.run(BundleContextImpl.java:1)
	at java.base/java.security.AccessController.doPrivileged(AccessController.java:251)
	at org.eclipse.osgi.internal.framework.BundleContextImpl.startActivator(BundleContextImpl.java:818)
	... 33 more
Root exception:
java.lang.NoClassDefFoundError: org/eclipse/core/resources/IWorkspaceRunnable
	at java.base/java.lang.Class.getDeclaredConstructors0(Native Method)
	at java.base/java.lang.Class.privateGetDeclaredConstructors(Class.java:2985)
	at java.base/java.lang.Class.getConstructor0(Class.java:3180)
	at java.base/java.lang.Class.getConstructor(Class.java:2199)
	at org.eclipse.osgi.internal.framework.BundleContextImpl.loadBundleActivator(BundleContextImpl.java:808)
	at org.eclipse.osgi.internal.framework.BundleContextImpl.start(BundleContextImpl.java:753)
	at org.eclipse.osgi.internal.framework.EquinoxBundle.startWorker0(EquinoxBundle.java:1066)
	at org.eclipse.osgi.internal.framework.EquinoxBundle$EquinoxModule.startWorker(EquinoxBundle.java:394)
	at org.eclipse.osgi.container.Module.doStart(Module.java:643)
	at org.eclipse.osgi.container.Module.start(Module.java:500)
	at org.eclipse.osgi.framework.util.SecureAction.start(SecureAction.java:528)
	at org.eclipse.osgi.internal.hooks.EclipseLazyStarter.postFindLocalClass(EclipseLazyStarter.java:122)
	at org.eclipse.osgi.internal.loader.classpath.ClasspathManager.findLocalClass(ClasspathManager.java:622)
	at org.eclipse.osgi.internal.loader.ModuleClassLoader.findLocalClass(ModuleClassLoader.java:353)
	at org.eclipse.osgi.internal.loader.BundleLoader.findLocalClass(BundleLoader.java:417)
	at org.eclipse.osgi.internal.loader.sources.SingleSourcePackage.loadClass(SingleSourcePackage.java:41)
	at org.eclipse.osgi.internal.loader.BundleLoader.findClass0(BundleLoader.java:521)
	at org.eclipse.osgi.internal.loader.BundleLoader.findClass(BundleLoader.java:438)
	at org.eclipse.osgi.internal.loader.ModuleClassLoader.loadClass(ModuleClassLoader.java:195)
	at java.base/java.lang.ClassLoader.loadClass(ClassLoader.java:490)
	at java.base/java.lang.Class.getDeclaredConstructors0(Native Method)
	at java.base/java.lang.Class.privateGetDeclaredConstructors(Class.java:2985)
	at java.base/java.lang.Class.getConstructor0(Class.java:3180)
	at java.base/java.lang.Class.getConstructor(Class.java:2199)
	at org.eclipse.osgi.internal.framework.BundleContextImpl.loadBundleActivator(BundleContextImpl.java:808)
	at org.eclipse.osgi.internal.framework.BundleContextImpl.start(BundleContextImpl.java:753)
	at org.eclipse.osgi.internal.framework.EquinoxBundle.startWorker0(EquinoxBundle.java:1066)
	at org.eclipse.osgi.internal.framework.EquinoxBundle$EquinoxModule.startWorker(EquinoxBundle.java:394)
	at org.eclipse.osgi.container.Module.doStart(Module.java:643)
	at org.eclipse.osgi.container.Module.start(Module.java:500)
	at org.eclipse.osgi.framework.util.SecureAction.start(SecureAction.java:528)
	at org.eclipse.osgi.internal.hooks.EclipseLazyStarter.postFindLocalClass(EclipseLazyStarter.java:122)
	at org.eclipse.osgi.internal.loader.classpath.ClasspathManager.findLocalClass(ClasspathManager.java:622)
	at org.eclipse.osgi.internal.loader.ModuleClassLoader.findLocalClass(ModuleClassLoader.java:353)
	at org.eclipse.osgi.internal.loader.BundleLoader.findLocalClass(BundleLoader.java:417)
	at org.eclipse.osgi.internal.loader.BundleLoader.findClass0(BundleLoader.java:525)
	at org.eclipse.osgi.internal.loader.BundleLoader.findClass(BundleLoader.java:438)
	at org.eclipse.osgi.internal.loader.ModuleClassLoader.loadClass(ModuleClassLoader.java:195)
	at java.base/java.lang.ClassLoader.loadClass(ClassLoader.java:490)
	at org.eclipse.osgi.internal.framework.EquinoxBundle.loadClass(EquinoxBundle.java:652)
	at org.eclipse.core.internal.registry.osgi.RegistryStrategyOSGI.createExecutableExtension(RegistryStrategyOSGI.java:226)
	at org.eclipse.core.internal.registry.ExtensionRegistry.createExecutableExtension(ExtensionRegistry.java:1034)
	at org.eclipse.core.internal.registry.ConfigurationElement.createExecutableExtension(ConfigurationElement.java:286)
	at org.eclipse.core.internal.registry.ConfigurationElementHandle.createExecutableExtension(ConfigurationElementHandle.java:65)
	at org.eclipse.equinox.internal.app.EclipseAppHandle.run(EclipseAppHandle.java:214)
	at org.eclipse.core.runtime.internal.adaptor.EclipseAppLauncher.runApplication(EclipseAppLauncher.java:149)
	at org.eclipse.core.runtime.internal.adaptor.EclipseAppLauncher.start(EclipseAppLauncher.java:115)
	at org.eclipse.core.runtime.adaptor.EclipseStarter.run(EclipseStarter.java:467)
	at org.eclipse.core.runtime.adaptor.EclipseStarter.run(EclipseStarter.java:298)
	at java.base/jdk.internal.reflect.DirectMethodHandleAccessor.invoke(DirectMethodHandleAccessor.java:104)
	at java.base/java.lang.reflect.Method.invoke(Method.java:565)
	at org.eclipse.equinox.launcher.Main.invokeFramework(Main.java:627)
	at org.eclipse.equinox.launcher.Main.basicRun(Main.java:575)
	at org.eclipse.equinox.launcher.Main.run(Main.java:1431)
	at org.eclipse.equinox.launcher.Main.main(Main.java:1403)
Caused by: java.lang.ClassNotFoundException: An error occurred while automatically activating bundle org.eclipse.core.resources (31).
	at org.eclipse.osgi.internal.hooks.EclipseLazyStarter.postFindLocalClass(EclipseLazyStarter.java:133)
	at org.eclipse.osgi.internal.loader.classpath.ClasspathManager.findLocalClass(ClasspathManager.java:622)
	at org.eclipse.osgi.internal.loader.ModuleClassLoader.findLocalClass(ModuleClassLoader.java:353)
	at org.eclipse.osgi.internal.loader.BundleLoader.findLocalClass(BundleLoader.java:417)
	at org.eclipse.osgi.internal.loader.BundleLoader.findClass0(BundleLoader.java:525)
	at org.eclipse.osgi.internal.loader.BundleLoader.findClass(BundleLoader.java:438)
	at org.eclipse.osgi.internal.loader.ModuleClassLoader.loadClass(ModuleClassLoader.java:195)
	at java.base/java.lang.ClassLoader.loadClass(ClassLoader.java:490)
	at java.base/java.lang.Class.getDeclaredConstructors0(Native Method)
	at java.base/java.lang.Class.privateGetDeclaredConstructors(Class.java:2985)
	at java.base/java.lang.Class.getConstructor0(Class.java:3180)
	at java.base/java.lang.Class.getConstructor(Class.java:2199)
	at org.eclipse.osgi.internal.framework.BundleContextImpl.loadBundleActivator(BundleContextImpl.java:808)
	at org.eclipse.osgi.internal.framework.BundleContextImpl.start(BundleContextImpl.java:753)
	at org.eclipse.osgi.internal.framework.EquinoxBundle.startWorker0(EquinoxBundle.java:1066)
	at org.eclipse.osgi.internal.framework.EquinoxBundle$EquinoxModule.startWorker(EquinoxBundle.java:394)
	at org.eclipse.osgi.container.Module.doStart(Module.java:643)
	at org.eclipse.osgi.container.Module.start(Module.java:500)
	at org.eclipse.osgi.container.ModuleContainer$ContainerStartLevel$2.run(ModuleContainer.java:2110)
	at org.eclipse.osgi.internal.framework.EquinoxContainerAdaptor$1$1.execute(EquinoxContainerAdaptor.java:146)
	at org.eclipse.osgi.container.ModuleContainer$ContainerStartLevel.incStartLevel(ModuleContainer.java:2101)
	at org.eclipse.osgi.container.ModuleContainer$ContainerStartLevel.incStartLevel(ModuleContainer.java:2043)
	at org.eclipse.osgi.container.ModuleContainer$ContainerStartLevel.doContainerStartLevel(ModuleContainer.java:2003)
	at org.eclipse.osgi.container.ModuleContainer$ContainerStartLevel.dispatchEvent(ModuleContainer.java:1915)
	at org.eclipse.osgi.container.ModuleContainer$ContainerStartLevel.dispatchEvent(ModuleContainer.java:1)
	at org.eclipse.osgi.framework.eventmgr.EventManager.dispatchEvent(EventManager.java:230)
	at org.eclipse.osgi.framework.eventmgr.EventManager$EventThread.run(EventManager.java:341)
Caused by: org.osgi.framework.BundleException: Exception in org.eclipse.core.resources.ResourcesPlugin.start() of bundle org.eclipse.core.resources.
	at org.eclipse.osgi.internal.framework.BundleContextImpl.startActivator(BundleContextImpl.java:847)
	at org.eclipse.osgi.internal.framework.BundleContextImpl.start(BundleContextImpl.java:768)
	at org.eclipse.osgi.internal.framework.EquinoxBundle.startWorker0(EquinoxBundle.java:1066)
	at org.eclipse.osgi.internal.framework.EquinoxBundle$EquinoxModule.startWorker(EquinoxBundle.java:394)
	at org.eclipse.osgi.container.Module.doStart(Module.java:643)
	at org.eclipse.osgi.container.Module.start(Module.java:500)
	at org.eclipse.osgi.framework.util.SecureAction.start(SecureAction.java:528)
	at org.eclipse.osgi.internal.hooks.EclipseLazyStarter.postFindLocalClass(EclipseLazyStarter.java:122)
	... 26 more
Caused by: java.lang.IllegalStateException: The platform metadata area could not be written: /path/to/data/.metadata.  By default the platform writes its content
under the current working directory when the platform is launched.  Use the -data parameter to
specify a different content area for the platform.
	at org.eclipse.core.internal.runtime.DataArea.assertLocationInitialized(DataArea.java:80)
	at org.eclipse.core.internal.runtime.DataArea.getStateLocation(DataArea.java:150)
	at org.eclipse.core.internal.runtime.InternalPlatform.getStateLocation(InternalPlatform.java:562)
	at org.eclipse.core.runtime.Plugin.getStateLocation(Plugin.java:275)
	at org.eclipse.core.internal.resources.LocalMetaArea.<init>(LocalMetaArea.java:79)
	at org.eclipse.core.internal.resources.Workspace.<init>(Workspace.java:381)
	at org.eclipse.core.resources.ResourcesPlugin$WorkspaceInitCustomizer.addingService(ResourcesPlugin.java:588)
	at org.eclipse.core.resources.ResourcesPlugin$WorkspaceInitCustomizer.addingService(ResourcesPlugin.java:1)
	at org.osgi.util.tracker.ServiceTracker$Tracked.customizerAdding(ServiceTracker.java:947)
	at org.osgi.util.tracker.ServiceTracker$Tracked.customizerAdding(ServiceTracker.java:1)
	at org.osgi.util.tracker.AbstractTracked.trackAdding(AbstractTracked.java:257)
	at org.osgi.util.tracker.AbstractTracked.trackInitial(AbstractTracked.java:184)
	at org.osgi.util.tracker.ServiceTracker.open(ServiceTracker.java:324)
	at org.osgi.util.tracker.ServiceTracker.open(ServiceTracker.java:267)
	at org.eclipse.core.resources.ResourcesPlugin.start(ResourcesPlugin.java:565)
	at org.eclipse.osgi.internal.framework.BundleContextImpl$2.run(BundleContextImpl.java:826)
	at org.eclipse.osgi.internal.framework.BundleContextImpl$2.run(BundleContextImpl.java:1)
	at java.base/java.security.AccessController.doPrivileged(AccessController.java:251)
	at org.eclipse.osgi.internal.framework.BundleContextImpl.startActivator(BundleContextImpl.java:818)
	... 33 more

!ENTRY org.eclipse.osgi 4 0 2025-11-11 21:33:22.964
!MESSAGE An error occurred while automatically activating bundle org.eclipse.jdt.ls.core (58).
!STACK 0
org.osgi.framework.BundleException: Error starting module. osgi.identity; type="osgi.bundle"; version:Version="1.52.0.202510031334"; osgi.identity="org.eclipse.jdt.ls.core"; singleton:="true" [id=58]
	at org.eclipse.osgi.container.Module.doStart(Module.java:652)
	at org.eclipse.osgi.container.Module.start(Module.java:500)
	at org.eclipse.osgi.framework.util.SecureAction.start(SecureAction.java:528)
	at org.eclipse.osgi.internal.hooks.EclipseLazyStarter.postFindLocalClass(EclipseLazyStarter.java:122)
	at org.eclipse.osgi.internal.loader.classpath.ClasspathManager.findLocalClass(ClasspathManager.java:622)
	at org.eclipse.osgi.internal.loader.ModuleClassLoader.findLocalClass(ModuleClassLoader.java:353)
	at org.eclipse.osgi.internal.loader.BundleLoader.findLocalClass(BundleLoader.java:417)
	at org.eclipse.osgi.internal.loader.BundleLoader.findClass0(BundleLoader.java:525)
	at org.eclipse.osgi.internal.loader.BundleLoader.findClass(BundleLoader.java:438)
	at org.eclipse.osgi.internal.loader.ModuleClassLoader.loadClass(ModuleClassLoader.java:195)
	at java.base/java.lang.ClassLoader.loadClass(ClassLoader.java:490)
	at org.eclipse.osgi.internal.framework.EquinoxBundle.loadClass(EquinoxBundle.java:652)
	at org.eclipse.core.internal.registry.osgi.RegistryStrategyOSGI.createExecutableExtension(RegistryStrategyOSGI.java:226)
	at org.eclipse.core.internal.registry.ExtensionRegistry.createExecutableExtension(ExtensionRegistry.java:1034)
	at org.eclipse.core.internal.registry.ConfigurationElement.createExecutableExtension(ConfigurationElement.java:286)
	at org.eclipse.core.internal.registry.ConfigurationElementHandle.createExecutableExtension(ConfigurationElementHandle.java:65)
	at org.eclipse.equinox.internal.app.EclipseAppHandle.run(EclipseAppHandle.java:214)
	at org.eclipse.core.runtime.internal.adaptor.EclipseAppLauncher.runApplication(EclipseAppLauncher.java:149)
	at org.eclipse.core.runtime.internal.adaptor.EclipseAppLauncher.start(EclipseAppLauncher.java:115)
	at org.eclipse.core.runtime.adaptor.EclipseStarter.run(EclipseStarter.java:467)
	at org.eclipse.core.runtime.adaptor.EclipseStarter.run(EclipseStarter.java:298)
	at java.base/jdk.internal.reflect.DirectMethodHandleAccessor.invoke(DirectMethodHandleAccessor.java:104)
	at java.base/java.lang.reflect.Method.invoke(Method.java:565)
	at org.eclipse.equinox.launcher.Main.invokeFramework(Main.java:627)
	at org.eclipse.equinox.launcher.Main.basicRun(Main.java:575)
	at org.eclipse.equinox.launcher.Main.run(Main.java:1431)
	at org.eclipse.equinox.launcher.Main.main(Main.java:1403)
Caused by: java.lang.NoClassDefFoundError: org/eclipse/jdt/core/WorkingCopyOwner
	at java.base/java.lang.Class.getDeclaredConstructors0(Native Method)
	at java.base/java.lang.Class.privateGetDeclaredConstructors(Class.java:2985)
	at java.base/java.lang.Class.getConstructor0(Class.java:3180)
	at java.base/java.lang.Class.getConstructor(Class.java:2199)
	at org.eclipse.osgi.internal.framework.BundleContextImpl.loadBundleActivator(BundleContextImpl.java:808)
	at org.eclipse.osgi.internal.framework.BundleContextImpl.start(BundleContextImpl.java:753)
	at org.eclipse.osgi.internal.framework.EquinoxBundle.startWorker0(EquinoxBundle.java:1066)
	at org.eclipse.osgi.internal.framework.EquinoxBundle$EquinoxModule.startWorker(EquinoxBundle.java:394)
	at org.eclipse.osgi.container.Module.doStart(Module.java:643)
	... 26 more
Caused by: java.lang.ClassNotFoundException: An error occurred while automatically activating bundle org.eclipse.jdt.core (50).
	at org.eclipse.osgi.internal.hooks.EclipseLazyStarter.postFindLocalClass(EclipseLazyStarter.java:133)
	at org.eclipse.osgi.internal.loader.classpath.ClasspathManager.findLocalClass(ClasspathManager.java:622)
	at org.eclipse.osgi.internal.loader.ModuleClassLoader.findLocalClass(ModuleClassLoader.java:353)
	at org.eclipse.osgi.internal.loader.BundleLoader.findLocalClass(BundleLoader.java:417)
	at org.eclipse.osgi.internal.loader.sources.SingleSourcePackage.loadClass(SingleSourcePackage.java:41)
	at org.eclipse.osgi.internal.loader.BundleLoader.findClass0(BundleLoader.java:521)
	at org.eclipse.osgi.internal.loader.BundleLoader.findClass(BundleLoader.java:438)
	at org.eclipse.osgi.internal.loader.ModuleClassLoader.loadClass(ModuleClassLoader.java:195)
	at java.base/java.lang.ClassLoader.loadClass(ClassLoader.java:490)
	... 35 more
Caused by: org.osgi.framework.BundleException: Error starting module. osgi.identity; type="osgi.bundle"; version:Version="3.44.0.v20251001-0848"; osgi.identity="org.eclipse.jdt.core"; singleton:="true" [id=50]
	at org.eclipse.osgi.container.Module.doStart(Module.java:652)
	at org.eclipse.osgi.container.Module.start(Module.java:500)
	at org.eclipse.osgi.framework.util.SecureAction.start(SecureAction.java:528)
	at org.eclipse.osgi.internal.hooks.EclipseLazyStarter.postFindLocalClass(EclipseLazyStarter.java:122)
	... 43 more
Caused by: java.lang.NoClassDefFoundError: org/eclipse/core/resources/IWorkspaceRunnable
	at java.base/java.lang.Class.getDeclaredConstructors0(Native Method)
	at java.base/java.lang.Class.privateGetDeclaredConstructors(Class.java:2985)
	at java.base/java.lang.Class.getConstructor0(Class.java:3180)
	at java.base/java.lang.Class.getConstructor(Class.java:2199)
	at org.eclipse.osgi.internal.framework.BundleContextImpl.loadBundleActivator(BundleContextImpl.java:808)
	at org.eclipse.osgi.internal.framework.BundleContextImpl.start(BundleContextImpl.java:753)
	at org.eclipse.osgi.internal.framework.EquinoxBundle.startWorker0(EquinoxBundle.java:1066)
	at org.eclipse.osgi.internal.framework.EquinoxBundle$EquinoxModule.startWorker(EquinoxBundle.java:394)
	at org.eclipse.osgi.container.Module.doStart(Module.java:643)
	... 46 more
Caused by: java.lang.ClassNotFoundException: An error occurred while automatically activating bundle org.eclipse.core.resources (31).
	at org.eclipse.osgi.internal.hooks.EclipseLazyStarter.postFindLocalClass(EclipseLazyStarter.java:133)
	at org.eclipse.osgi.internal.loader.classpath.ClasspathManager.findLocalClass(ClasspathManager.java:622)
	at org.eclipse.osgi.internal.loader.ModuleClassLoader.findLocalClass(ModuleClassLoader.java:353)
	at org.eclipse.osgi.internal.loader.BundleLoader.findLocalClass(BundleLoader.java:417)
	at org.eclipse.osgi.internal.loader.BundleLoader.findClass0(BundleLoader.java:525)
	at org.eclipse.osgi.internal.loader.BundleLoader.findClass(BundleLoader.java:438)
	at org.eclipse.osgi.internal.loader.ModuleClassLoader.loadClass(ModuleClassLoader.java:195)
	at java.base/java.lang.ClassLoader.loadClass(ClassLoader.java:490)
	at java.base/java.lang.Class.getDeclaredConstructors0(Native Method)
	at java.base/java.lang.Class.privateGetDeclaredConstructors(Class.java:2985)
	at java.base/java.lang.Class.getConstructor0(Class.java:3180)
	at java.base/java.lang.Class.getConstructor(Class.java:2199)
	at org.eclipse.osgi.internal.framework.BundleContextImpl.loadBundleActivator(BundleContextImpl.java:808)
	at org.eclipse.osgi.internal.framework.BundleContextImpl.start(BundleContextImpl.java:753)
	at org.eclipse.osgi.internal.framework.EquinoxBundle.startWorker0(EquinoxBundle.java:1066)
	at org.eclipse.osgi.internal.framework.EquinoxBundle$EquinoxModule.startWorker(EquinoxBundle.java:394)
	at org.eclipse.osgi.container.Module.doStart(Module.java:643)
	at org.eclipse.osgi.container.Module.start(Module.java:500)
	at org.eclipse.osgi.container.ModuleContainer$ContainerStartLevel$2.run(ModuleContainer.java:2110)
	at org.eclipse.osgi.internal.framework.EquinoxContainerAdaptor$1$1.execute(EquinoxContainerAdaptor.java:146)
	at org.eclipse.osgi.container.ModuleContainer$ContainerStartLevel.incStartLevel(ModuleContainer.java:2101)
	at org.eclipse.osgi.container.ModuleContainer$ContainerStartLevel.incStartLevel(ModuleContainer.java:2043)
	at org.eclipse.osgi.container.ModuleContainer$ContainerStartLevel.doContainerStartLevel(ModuleContainer.java:2003)
	at org.eclipse.osgi.container.ModuleContainer$ContainerStartLevel.dispatchEvent(ModuleContainer.java:1915)
	at org.eclipse.osgi.container.ModuleContainer$ContainerStartLevel.dispatchEvent(ModuleContainer.java:1)
	at org.eclipse.osgi.framework.eventmgr.EventManager.dispatchEvent(EventManager.java:230)
	at org.eclipse.osgi.framework.eventmgr.EventManager$EventThread.run(EventManager.java:341)
Caused by: org.osgi.framework.BundleException: Exception in org.eclipse.core.resources.ResourcesPlugin.start() of bundle org.eclipse.core.resources.
	at org.eclipse.osgi.internal.framework.BundleContextImpl.startActivator(BundleContextImpl.java:847)
	at org.eclipse.osgi.internal.framework.BundleContextImpl.start(BundleContextImpl.java:768)
	at org.eclipse.osgi.internal.framework.EquinoxBundle.startWorker0(EquinoxBundle.java:1066)
	at org.eclipse.osgi.internal.framework.EquinoxBundle$EquinoxModule.startWorker(EquinoxBundle.java:394)
	at org.eclipse.osgi.container.Module.doStart(Module.java:643)
	at org.eclipse.osgi.container.Module.start(Module.java:500)
	at org.eclipse.osgi.framework.util.SecureAction.start(SecureAction.java:528)
	at org.eclipse.osgi.internal.hooks.EclipseLazyStarter.postFindLocalClass(EclipseLazyStarter.java:122)
	... 26 more
Caused by: java.lang.IllegalStateException: The platform metadata area could not be written: /path/to/data/.metadata.  By default the platform writes its content
under the current working directory when the platform is launched.  Use the -data parameter to
specify a different content area for the platform.
	at org.eclipse.core.internal.runtime.DataArea.assertLocationInitialized(DataArea.java:80)
	at org.eclipse.core.internal.runtime.DataArea.getStateLocation(DataArea.java:150)
	at org.eclipse.core.internal.runtime.InternalPlatform.getStateLocation(InternalPlatform.java:562)
	at org.eclipse.core.runtime.Plugin.getStateLocation(Plugin.java:275)
	at org.eclipse.core.internal.resources.LocalMetaArea.<init>(LocalMetaArea.java:79)
	at org.eclipse.core.internal.resources.Workspace.<init>(Workspace.java:381)
	at org.eclipse.core.resources.ResourcesPlugin$WorkspaceInitCustomizer.addingService(ResourcesPlugin.java:588)
	at org.eclipse.core.resources.ResourcesPlugin$WorkspaceInitCustomizer.addingService(ResourcesPlugin.java:1)
	at org.osgi.util.tracker.ServiceTracker$Tracked.customizerAdding(ServiceTracker.java:947)
	at org.osgi.util.tracker.ServiceTracker$Tracked.customizerAdding(ServiceTracker.java:1)
	at org.osgi.util.tracker.AbstractTracked.trackAdding(AbstractTracked.java:257)
	at org.osgi.util.tracker.AbstractTracked.trackInitial(AbstractTracked.java:184)
	at org.osgi.util.tracker.ServiceTracker.open(ServiceTracker.java:324)
	at org.osgi.util.tracker.ServiceTracker.open(ServiceTracker.java:267)
	at org.eclipse.core.resources.ResourcesPlugin.start(ResourcesPlugin.java:565)
	at org.eclipse.osgi.internal.framework.BundleContextImpl$2.run(BundleContextImpl.java:826)
	at org.eclipse.osgi.internal.framework.BundleContextImpl$2.run(BundleContextImpl.java:1)
	at java.base/java.security.AccessController.doPrivileged(AccessController.java:251)
	at org.eclipse.osgi.internal.framework.BundleContextImpl.startActivator(BundleContextImpl.java:818)
	... 33 more
Root exception:
java.lang.NoClassDefFoundError: org/eclipse/jdt/core/WorkingCopyOwner
	at java.base/java.lang.Class.getDeclaredConstructors0(Native Method)
	at java.base/java.lang.Class.privateGetDeclaredConstructors(Class.java:2985)
	at java.base/java.lang.Class.getConstructor0(Class.java:3180)
	at java.base/java.lang.Class.getConstructor(Class.java:2199)
	at org.eclipse.osgi.internal.framework.BundleContextImpl.loadBundleActivator(BundleContextImpl.java:808)
	at org.eclipse.osgi.internal.framework.BundleContextImpl.start(BundleContextImpl.java:753)
	at org.eclipse.osgi.internal.framework.EquinoxBundle.startWorker0(EquinoxBundle.java:1066)
	at org.eclipse.osgi.internal.framework.EquinoxBundle$EquinoxModule.startWorker(EquinoxBundle.java:394)
	at org.eclipse.osgi.container.Module.doStart(Module.java:643)
	at org.eclipse.osgi.container.Module.start(Module.java:500)
	at org.eclipse.osgi.framework.util.SecureAction.start(SecureAction.java:528)
	at org.eclipse.osgi.internal.hooks.EclipseLazyStarter.postFindLocalClass(EclipseLazyStarter.java:122)
	at org.eclipse.osgi.internal.loader.classpath.ClasspathManager.findLocalClass(ClasspathManager.java:622)
	at org.eclipse.osgi.internal.loader.ModuleClassLoader.findLocalClass(ModuleClassLoader.java:353)
	at org.eclipse.osgi.internal.loader.BundleLoader.findLocalClass(BundleLoader.java:417)
	at org.eclipse.osgi.internal.loader.BundleLoader.findClass0(BundleLoader.java:525)
	at org.eclipse.osgi.internal.loader.BundleLoader.findClass(BundleLoader.java:438)
	at org.eclipse.osgi.internal.loader.ModuleClassLoader.loadClass(ModuleClassLoader.java:195)
	at java.base/java.lang.ClassLoader.loadClass(ClassLoader.java:490)
	at org.eclipse.osgi.internal.framework.EquinoxBundle.loadClass(EquinoxBundle.java:652)
	at org.eclipse.core.internal.registry.osgi.RegistryStrategyOSGI.createExecutableExtension(RegistryStrategyOSGI.java:226)
	at org.eclipse.core.internal.registry.ExtensionRegistry.createExecutableExtension(ExtensionRegistry.java:1034)
	at org.eclipse.core.internal.registry.ConfigurationElement.createExecutableExtension(ConfigurationElement.java:286)
	at org.eclipse.core.internal.registry.ConfigurationElementHandle.createExecutableExtension(ConfigurationElementHandle.java:65)
	at org.eclipse.equinox.internal.app.EclipseAppHandle.run(EclipseAppHandle.java:214)
	at org.eclipse.core.runtime.internal.adaptor.EclipseAppLauncher.runApplication(EclipseAppLauncher.java:149)
	at org.eclipse.core.runtime.internal.adaptor.EclipseAppLauncher.start(EclipseAppLauncher.java:115)
	at org.eclipse.core.runtime.adaptor.EclipseStarter.run(EclipseStarter.java:467)
	at org.eclipse.core.runtime.adaptor.EclipseStarter.run(EclipseStarter.java:298)
	at java.base/jdk.internal.reflect.DirectMethodHandleAccessor.invoke(DirectMethodHandleAccessor.java:104)
	at java.base/java.lang.reflect.Method.invoke(Method.java:565)
	at org.eclipse.equinox.launcher.Main.invokeFramework(Main.java:627)
	at org.eclipse.equinox.launcher.Main.basicRun(Main.java:575)
	at org.eclipse.equinox.launcher.Main.run(Main.java:1431)
	at org.eclipse.equinox.launcher.Main.main(Main.java:1403)
Caused by: java.lang.ClassNotFoundException: An error occurred while automatically activating bundle org.eclipse.jdt.core (50).
	at org.eclipse.osgi.internal.hooks.EclipseLazyStarter.postFindLocalClass(EclipseLazyStarter.java:133)
	at org.eclipse.osgi.internal.loader.classpath.ClasspathManager.findLocalClass(ClasspathManager.java:622)
	at org.eclipse.osgi.internal.loader.ModuleClassLoader.findLocalClass(ModuleClassLoader.java:353)
	at org.eclipse.osgi.internal.loader.BundleLoader.findLocalClass(BundleLoader.java:417)
	at org.eclipse.osgi.internal.loader.sources.SingleSourcePackage.loadClass(SingleSourcePackage.java:41)
	at org.eclipse.osgi.internal.loader.BundleLoader.findClass0(BundleLoader.java:521)
	at org.eclipse.osgi.internal.loader.BundleLoader.findClass(BundleLoader.java:438)
	at org.eclipse.osgi.internal.loader.ModuleClassLoader.loadClass(ModuleClassLoader.java:195)
	at java.base/java.lang.ClassLoader.loadClass(ClassLoader.java:490)
	... 35 more
Caused by: org.osgi.framework.BundleException: Error starting module. osgi.identity; type="osgi.bundle"; version:Version="3.44.0.v20251001-0848"; osgi.identity="org.eclipse.jdt.core"; singleton:="true" [id=50]
	at org.eclipse.osgi.container.Module.doStart(Module.java:652)
	at org.eclipse.osgi.container.Module.start(Module.java:500)
	at org.eclipse.osgi.framework.util.SecureAction.start(SecureAction.java:528)
	at org.eclipse.osgi.internal.hooks.EclipseLazyStarter.postFindLocalClass(EclipseLazyStarter.java:122)
	... 43 more
Caused by: java.lang.NoClassDefFoundError: org/eclipse/core/resources/IWorkspaceRunnable
	at java.base/java.lang.Class.getDeclaredConstructors0(Native Method)
	at java.base/java.lang.Class.privateGetDeclaredConstructors(Class.java:2985)
	at java.base/java.lang.Class.getConstructor0(Class.java:3180)
	at java.base/java.lang.Class.getConstructor(Class.java:2199)
	at org.eclipse.osgi.internal.framework.BundleContextImpl.loadBundleActivator(BundleContextImpl.java:808)
	at org.eclipse.osgi.internal.framework.BundleContextImpl.start(BundleContextImpl.java:753)
	at org.eclipse.osgi.internal.framework.EquinoxBundle.startWorker0(EquinoxBundle.java:1066)
	at org.eclipse.osgi.internal.framework.EquinoxBundle$EquinoxModule.startWorker(EquinoxBundle.java:394)
	at org.eclipse.osgi.container.Module.doStart(Module.java:643)
	... 46 more
Caused by: java.lang.ClassNotFoundException: An error occurred while automatically activating bundle org.eclipse.core.resources (31).
	at org.eclipse.osgi.internal.hooks.EclipseLazyStarter.postFindLocalClass(EclipseLazyStarter.java:133)
	at org.eclipse.osgi.internal.loader.classpath.ClasspathManager.findLocalClass(ClasspathManager.java:622)
	at org.eclipse.osgi.internal.loader.ModuleClassLoader.findLocalClass(ModuleClassLoader.java:353)
	at org.eclipse.osgi.internal.loader.BundleLoader.findLocalClass(BundleLoader.java:417)
	at org.eclipse.osgi.internal.loader.BundleLoader.findClass0(BundleLoader.java:525)
	at org.eclipse.osgi.internal.loader.BundleLoader.findClass(BundleLoader.java:438)
	at org.eclipse.osgi.internal.loader.ModuleClassLoader.loadClass(ModuleClassLoader.java:195)
	at java.base/java.lang.ClassLoader.loadClass(ClassLoader.java:490)
	at java.base/java.lang.Class.getDeclaredConstructors0(Native Method)
	at java.base/java.lang.Class.privateGetDeclaredConstructors(Class.java:2985)
	at java.base/java.lang.Class.getConstructor0(Class.java:3180)
	at java.base/java.lang.Class.getConstructor(Class.java:2199)
	at org.eclipse.osgi.internal.framework.BundleContextImpl.loadBundleActivator(BundleContextImpl.java:808)
	at org.eclipse.osgi.internal.framework.BundleContextImpl.start(BundleContextImpl.java:753)
	at org.eclipse.osgi.internal.framework.EquinoxBundle.startWorker0(EquinoxBundle.java:1066)
	at org.eclipse.osgi.internal.framework.EquinoxBundle$EquinoxModule.startWorker(EquinoxBundle.java:394)
	at org.eclipse.osgi.container.Module.doStart(Module.java:643)
	at org.eclipse.osgi.container.Module.start(Module.java:500)
	at org.eclipse.osgi.container.ModuleContainer$ContainerStartLevel$2.run(ModuleContainer.java:2110)
	at org.eclipse.osgi.internal.framework.EquinoxContainerAdaptor$1$1.execute(EquinoxContainerAdaptor.java:146)
	at org.eclipse.osgi.container.ModuleContainer$ContainerStartLevel.incStartLevel(ModuleContainer.java:2101)
	at org.eclipse.osgi.container.ModuleContainer$ContainerStartLevel.incStartLevel(ModuleContainer.java:2043)
	at org.eclipse.osgi.container.ModuleContainer$ContainerStartLevel.doContainerStartLevel(ModuleContainer.java:2003)
	at org.eclipse.osgi.container.ModuleContainer$ContainerStartLevel.dispatchEvent(ModuleContainer.java:1915)
	at org.eclipse.osgi.container.ModuleContainer$ContainerStartLevel.dispatchEvent(ModuleContainer.java:1)
	at org.eclipse.osgi.framework.eventmgr.EventManager.dispatchEvent(EventManager.java:230)
	at org.eclipse.osgi.framework.eventmgr.EventManager$EventThread.run(EventManager.java:341)
Caused by: org.osgi.framework.BundleException: Exception in org.eclipse.core.resources.ResourcesPlugin.start() of bundle org.eclipse.core.resources.
	at org.eclipse.osgi.internal.framework.BundleContextImpl.startActivator(BundleContextImpl.java:847)
	at org.eclipse.osgi.internal.framework.BundleContextImpl.start(BundleContextImpl.java:768)
	at org.eclipse.osgi.internal.framework.EquinoxBundle.startWorker0(EquinoxBundle.java:1066)
	at org.eclipse.osgi.internal.framework.EquinoxBundle$EquinoxModule.startWorker(EquinoxBundle.java:394)
	at org.eclipse.osgi.container.Module.doStart(Module.java:643)
	at org.eclipse.osgi.container.Module.start(Module.java:500)
	at org.eclipse.osgi.framework.util.SecureAction.start(SecureAction.java:528)
	at org.eclipse.osgi.internal.hooks.EclipseLazyStarter.postFindLocalClass(EclipseLazyStarter.java:122)
	... 26 more
Caused by: java.lang.IllegalStateException: The platform metadata area could not be written: /path/to/data/.metadata.  By default the platform writes its content
under the current working directory when the platform is launched.  Use the -data parameter to
specify a different content area for the platform.
	at org.eclipse.core.internal.runtime.DataArea.assertLocationInitialized(DataArea.java:80)
	at org.eclipse.core.internal.runtime.DataArea.getStateLocation(DataArea.java:150)
	at org.eclipse.core.internal.runtime.InternalPlatform.getStateLocation(InternalPlatform.java:562)
	at org.eclipse.core.runtime.Plugin.getStateLocation(Plugin.java:275)
	at org.eclipse.core.internal.resources.LocalMetaArea.<init>(LocalMetaArea.java:79)
	at org.eclipse.core.internal.resources.Workspace.<init>(Workspace.java:381)
	at org.eclipse.core.resources.ResourcesPlugin$WorkspaceInitCustomizer.addingService(ResourcesPlugin.java:588)
	at org.eclipse.core.resources.ResourcesPlugin$WorkspaceInitCustomizer.addingService(ResourcesPlugin.java:1)
	at org.osgi.util.tracker.ServiceTracker$Tracked.customizerAdding(ServiceTracker.java:947)
	at org.osgi.util.tracker.ServiceTracker$Tracked.customizerAdding(ServiceTracker.java:1)
	at org.osgi.util.tracker.AbstractTracked.trackAdding(AbstractTracked.java:257)
	at org.osgi.util.tracker.AbstractTracked.trackInitial(AbstractTracked.java:184)
	at org.osgi.util.tracker.ServiceTracker.open(ServiceTracker.java:324)
	at org.osgi.util.tracker.ServiceTracker.open(ServiceTracker.java:267)
	at org.eclipse.core.resources.ResourcesPlugin.start(ResourcesPlugin.java:565)
	at org.eclipse.osgi.internal.framework.BundleContextImpl$2.run(BundleContextImpl.java:826)
	at org.eclipse.osgi.internal.framework.BundleContextImpl$2.run(BundleContextImpl.java:1)
	at java.base/java.security.AccessController.doPrivileged(AccessController.java:251)
	at org.eclipse.osgi.internal.framework.BundleContextImpl.startActivator(BundleContextImpl.java:818)
	... 33 more

!ENTRY org.eclipse.osgi 4 0 2025-11-11 21:33:22.972
!MESSAGE Application error
!STACK 1
org.eclipse.core.runtime.CoreException: Plug-in org.eclipse.jdt.ls.core was unable to load class org.eclipse.jdt.ls.core.internal.LanguageServerApplication.
	at org.eclipse.core.internal.registry.osgi.RegistryStrategyOSGI.throwException(RegistryStrategyOSGI.java:245)
	at org.eclipse.core.internal.registry.osgi.RegistryStrategyOSGI.createExecutableExtension(RegistryStrategyOSGI.java:228)
	at org.eclipse.core.internal.registry.ExtensionRegistry.createExecutableExtension(ExtensionRegistry.java:1034)
	at org.eclipse.core.internal.registry.ConfigurationElement.createExecutableExtension(ConfigurationElement.java:286)
	at org.eclipse.core.internal.registry.ConfigurationElementHandle.createExecutableExtension(ConfigurationElementHandle.java:65)
	at org.eclipse.equinox.internal.app.EclipseAppHandle.run(EclipseAppHandle.java:214)
	at org.eclipse.core.runtime.internal.adaptor.EclipseAppLauncher.runApplication(EclipseAppLauncher.java:149)
	at org.eclipse.core.runtime.internal.adaptor.EclipseAppLauncher.start(EclipseAppLauncher.java:115)
	at org.eclipse.core.runtime.adaptor.EclipseStarter.run(EclipseStarter.java:467)
	at org.eclipse.core.runtime.adaptor.EclipseStarter.run(EclipseStarter.java:298)
	at java.base/jdk.internal.reflect.DirectMethodHandleAccessor.invoke(DirectMethodHandleAccessor.java:104)
	at java.base/java.lang.reflect.Method.invoke(Method.java:565)
	at org.eclipse.equinox.launcher.Main.invokeFramework(Main.java:627)
	at org.eclipse.equinox.launcher.Main.basicRun(Main.java:575)
	at org.eclipse.equinox.launcher.Main.run(Main.java:1431)
	at org.eclipse.equinox.launcher.Main.main(Main.java:1403)
Caused by: java.lang.ClassNotFoundException: An error occurred while automatically activating bundle org.eclipse.jdt.ls.core (58).
	at org.eclipse.osgi.internal.hooks.EclipseLazyStarter.postFindLocalClass(EclipseLazyStarter.java:133)
	at org.eclipse.osgi.internal.loader.classpath.ClasspathManager.findLocalClass(ClasspathManager.java:622)
	at org.eclipse.osgi.internal.loader.ModuleClassLoader.findLocalClass(ModuleClassLoader.java:353)
	at org.eclipse.osgi.internal.loader.BundleLoader.findLocalClass(BundleLoader.java:417)
	at org.eclipse.osgi.internal.loader.BundleLoader.findClass0(BundleLoader.java:525)
	at org.eclipse.osgi.internal.loader.BundleLoader.findClass(BundleLoader.java:438)
	at org.eclipse.osgi.internal.loader.ModuleClassLoader.loadClass(ModuleClassLoader.java:195)
	at java.base/java.lang.ClassLoader.loadClass(ClassLoader.java:490)
	at org.eclipse.osgi.internal.framework.EquinoxBundle.loadClass(EquinoxBundle.java:652)
	at org.eclipse.core.internal.registry.osgi.RegistryStrategyOSGI.createExecutableExtension(RegistryStrategyOSGI.java:226)
	... 14 more
Caused by: org.osgi.framework.BundleException: Error starting module. osgi.identity; type="osgi.bundle"; version:Version="1.52.0.202510031334"; osgi.identity="org.eclipse.jdt.ls.core"; singleton:="true" [id=58]
	at org.eclipse.osgi.container.Module.doStart(Module.java:652)
	at org.eclipse.osgi.container.Module.start(Module.java:500)
	at org.eclipse.osgi.framework.util.SecureAction.start(SecureAction.java:528)
	at org.eclipse.osgi.internal.hooks.EclipseLazyStarter.postFindLocalClass(EclipseLazyStarter.java:122)
	... 23 more
Caused by: java.lang.NoClassDefFoundError: org/eclipse/jdt/core/WorkingCopyOwner
	at java.base/java.lang.Class.getDeclaredConstructors0(Native Method)
	at java.base/java.lang.Class.privateGetDeclaredConstructors(Class.java:2985)
	at java.base/java.lang.Class.getConstructor0(Class.java:3180)
	at java.base/java.lang.Class.getConstructor(Class.java:2199)
	at org.eclipse.osgi.internal.framework.BundleContextImpl.loadBundleActivator(BundleContextImpl.java:808)
	at org.eclipse.osgi.internal.framework.BundleContextImpl.start(BundleContextImpl.java:753)
	at org.eclipse.osgi.internal.framework.EquinoxBundle.startWorker0(EquinoxBundle.java:1066)
	at org.eclipse.osgi.internal.framework.EquinoxBundle$EquinoxModule.startWorker(EquinoxBundle.java:394)
	at org.eclipse.osgi.container.Module.doStart(Module.java:643)
	... 26 more
Caused by: java.lang.ClassNotFoundException: An error occurred while automatically activating bundle org.eclipse.jdt.core (50).
	at org.eclipse.osgi.internal.hooks.EclipseLazyStarter.postFindLocalClass(EclipseLazyStarter.java:133)
	at org.eclipse.osgi.internal.loader.classpath.ClasspathManager.findLocalClass(ClasspathManager.java:622)
	at org.eclipse.osgi.internal.loader.ModuleClassLoader.findLocalClass(ModuleClassLoader.java:353)
	at org.eclipse.osgi.internal.loader.BundleLoader.findLocalClass(BundleLoader.java:417)
	at org.eclipse.osgi.internal.loader.sources.SingleSourcePackage.loadClass(SingleSourcePackage.java:41)
	at org.eclipse.osgi.internal.loader.BundleLoader.findClass0(BundleLoader.java:521)
	at org.eclipse.osgi.internal.loader.BundleLoader.findClass(BundleLoader.java:438)
	at org.eclipse.osgi.internal.loader.ModuleClassLoader.loadClass(ModuleClassLoader.java:195)
	at java.base/java.lang.ClassLoader.loadClass(ClassLoader.java:490)
	... 35 more
Caused by: org.osgi.framework.BundleException: Error starting module. osgi.identity; type="osgi.bundle"; version:Version="3.44.0.v20251001-0848"; osgi.identity="org.eclipse.jdt.core"; singleton:="true" [id=50]
	at org.eclipse.osgi.container.Module.doStart(Module.java:652)
	at org.eclipse.osgi.container.Module.start(Module.java:500)
	at org.eclipse.osgi.framework.util.SecureAction.start(SecureAction.java:528)
	at org.eclipse.osgi.internal.hooks.EclipseLazyStarter.postFindLocalClass(EclipseLazyStarter.java:122)
	... 43 more
Caused by: java.lang.NoClassDefFoundError: org/eclipse/core/resources/IWorkspaceRunnable
	at java.base/java.lang.Class.getDeclaredConstructors0(Native Method)
	at java.base/java.lang.Class.privateGetDeclaredConstructors(Class.java:2985)
	at java.base/java.lang.Class.getConstructor0(Class.java:3180)
	at java.base/java.lang.Class.getConstructor(Class.java:2199)
	at org.eclipse.osgi.internal.framework.BundleContextImpl.loadBundleActivator(BundleContextImpl.java:808)
	at org.eclipse.osgi.internal.framework.BundleContextImpl.start(BundleContextImpl.java:753)
	at org.eclipse.osgi.internal.framework.EquinoxBundle.startWorker0(EquinoxBundle.java:1066)
	at org.eclipse.osgi.internal.framework.EquinoxBundle$EquinoxModule.startWorker(EquinoxBundle.java:394)
	at org.eclipse.osgi.container.Module.doStart(Module.java:643)
	... 46 more
Caused by: java.lang.ClassNotFoundException: An error occurred while automatically activating bundle org.eclipse.core.resources (31).
	at org.eclipse.osgi.internal.hooks.EclipseLazyStarter.postFindLocalClass(EclipseLazyStarter.java:133)
	at org.eclipse.osgi.internal.loader.classpath.ClasspathManager.findLocalClass(ClasspathManager.java:622)
	at org.eclipse.osgi.internal.loader.ModuleClassLoader.findLocalClass(ModuleClassLoader.java:353)
	at org.eclipse.osgi.internal.loader.BundleLoader.findLocalClass(BundleLoader.java:417)
	at org.eclipse.osgi.internal.loader.BundleLoader.findClass0(BundleLoader.java:525)
	at org.eclipse.osgi.internal.loader.BundleLoader.findClass(BundleLoader.java:438)
	at org.eclipse.osgi.internal.loader.ModuleClassLoader.loadClass(ModuleClassLoader.java:195)
	at java.base/java.lang.ClassLoader.loadClass(ClassLoader.java:490)
	at java.base/java.lang.Class.getDeclaredConstructors0(Native Method)
	at java.base/java.lang.Class.privateGetDeclaredConstructors(Class.java:2985)
	at java.base/java.lang.Class.getConstructor0(Class.java:3180)
	at java.base/java.lang.Class.getConstructor(Class.java:2199)
	at org.eclipse.osgi.internal.framework.BundleContextImpl.loadBundleActivator(BundleContextImpl.java:808)
	at org.eclipse.osgi.internal.framework.BundleContextImpl.start(BundleContextImpl.java:753)
	at org.eclipse.osgi.internal.framework.EquinoxBundle.startWorker0(EquinoxBundle.java:1066)
	at org.eclipse.osgi.internal.framework.EquinoxBundle$EquinoxModule.startWorker(EquinoxBundle.java:394)
	at org.eclipse.osgi.container.Module.doStart(Module.java:643)
	at org.eclipse.osgi.container.Module.start(Module.java:500)
	at org.eclipse.osgi.container.ModuleContainer$ContainerStartLevel$2.run(ModuleContainer.java:2110)
	at org.eclipse.osgi.internal.framework.EquinoxContainerAdaptor$1$1.execute(EquinoxContainerAdaptor.java:146)
	at org.eclipse.osgi.container.ModuleContainer$ContainerStartLevel.incStartLevel(ModuleContainer.java:2101)
	at org.eclipse.osgi.container.ModuleContainer$ContainerStartLevel.incStartLevel(ModuleContainer.java:2043)
	at org.eclipse.osgi.container.ModuleContainer$ContainerStartLevel.doContainerStartLevel(ModuleContainer.java:2003)
	at org.eclipse.osgi.container.ModuleContainer$ContainerStartLevel.dispatchEvent(ModuleContainer.java:1915)
	at org.eclipse.osgi.container.ModuleContainer$ContainerStartLevel.dispatchEvent(ModuleContainer.java:1)
	at org.eclipse.osgi.framework.eventmgr.EventManager.dispatchEvent(EventManager.java:230)
	at org.eclipse.osgi.framework.eventmgr.EventManager$EventThread.run(EventManager.java:341)
Caused by: org.osgi.framework.BundleException: Exception in org.eclipse.core.resources.ResourcesPlugin.start() of bundle org.eclipse.core.resources.
	at org.eclipse.osgi.internal.framework.BundleContextImpl.startActivator(BundleContextImpl.java:847)
	at org.eclipse.osgi.internal.framework.BundleContextImpl.start(BundleContextImpl.java:768)
	at org.eclipse.osgi.internal.framework.EquinoxBundle.startWorker0(EquinoxBundle.java:1066)
	at org.eclipse.osgi.internal.framework.EquinoxBundle$EquinoxModule.startWorker(EquinoxBundle.java:394)
	at org.eclipse.osgi.container.Module.doStart(Module.java:643)
	at org.eclipse.osgi.container.Module.start(Module.java:500)
	at org.eclipse.osgi.framework.util.SecureAction.start(SecureAction.java:528)
	at org.eclipse.osgi.internal.hooks.EclipseLazyStarter.postFindLocalClass(EclipseLazyStarter.java:122)
	... 26 more
Caused by: java.lang.IllegalStateException: The platform metadata area could not be written: /path/to/data/.metadata.  By default the platform writes its content
under the current working directory when the platform is launched.  Use the -data parameter to
specify a different content area for the platform.
	at org.eclipse.core.internal.runtime.DataArea.assertLocationInitialized(DataArea.java:80)
	at org.eclipse.core.internal.runtime.DataArea.getStateLocation(DataArea.java:150)
	at org.eclipse.core.internal.runtime.InternalPlatform.getStateLocation(InternalPlatform.java:562)
	at org.eclipse.core.runtime.Plugin.getStateLocation(Plugin.java:275)
	at org.eclipse.core.internal.resources.LocalMetaArea.<init>(LocalMetaArea.java:79)
	at org.eclipse.core.internal.resources.Workspace.<init>(Workspace.java:381)
	at org.eclipse.core.resources.ResourcesPlugin$WorkspaceInitCustomizer.addingService(ResourcesPlugin.java:588)
	at org.eclipse.core.resources.ResourcesPlugin$WorkspaceInitCustomizer.addingService(ResourcesPlugin.java:1)
	at org.osgi.util.tracker.ServiceTracker$Tracked.customizerAdding(ServiceTracker.java:947)
	at org.osgi.util.tracker.ServiceTracker$Tracked.customizerAdding(ServiceTracker.java:1)
	at org.osgi.util.tracker.AbstractTracked.trackAdding(AbstractTracked.java:257)
	at org.osgi.util.tracker.AbstractTracked.trackInitial(AbstractTracked.java:184)
	at org.osgi.util.tracker.ServiceTracker.open(ServiceTracker.java:324)
	at org.osgi.util.tracker.ServiceTracker.open(ServiceTracker.java:267)
	at org.eclipse.core.resources.ResourcesPlugin.start(ResourcesPlugin.java:565)
	at org.eclipse.osgi.internal.framework.BundleContextImpl$2.run(BundleContextImpl.java:826)
	at org.eclipse.osgi.internal.framework.BundleContextImpl$2.run(BundleContextImpl.java:1)
	at java.base/java.security.AccessController.doPrivileged(AccessController.java:251)
	at org.eclipse.osgi.internal.framework.BundleContextImpl.startActivator(BundleContextImpl.java:818)
	... 33 more
